Эмир
??ламжан
??рмет
??рмет
??с жолы
?абит
?абит
?АЗИЗА
?азы??рт
?азы??рт
?азына
?азына
?азына
?азына
?айнар
?айнар
?айсар
?ара-су
?арахан Баба
?арлы?аш
?арлы?аш
?арлы?аш
?асиет
?БДІРАХМАН АТА
?дiлет
?демі
?демі ?же
?діл
?ділет
?Л АС
?лiби
?лия
?лы?-т?бе
?міт
?ос б?ла?
?сел
?СЕЛ
?сел
?сел
?сел
?уаныш
?уаныш
?уаныш
?удайберген-Ата
?шірбай Ата
?ызмет
?ызмет
13
24 са?ат
28
3-шi д?кен
700
77
777
777
777
888
Aidana
ALAMAN
ALI
Almahan Ata
Almira
Arbat
ARNAU
Arzan
Arzan MARKET
ARZU
Asem ana
AZIYA
Azyq-tulik dukeni
Bagjan
BAQDAULET
Bayan Sulu
BAYMART
Beksultan
Bereke 89
Bis
City Market
COCA COLA
Daiana
Dala fruit
Dana
DELOS
Diana
Dostar
Eldos
Ernur
FAMILY
Fariza
Firkan
Firkan
GORILLA
JADI
Jansaia
Jasur
Juicy
LEMON
MADI
Magaz
Martobe
MEDIA
Miras
Nazik
Nesibeli
NIX
№44
Nur Tabys
Nursaia
OKEY
Qanag’at
Qanagat
QANAGAT
Qarashash Ana
Rahat
RICH
Royal
SALIMA
SAMRUKOIL
SARA
Sayram
Shahruh
Sher
SNICKERS
START
Ta-Di
Unikassa
Urbibi marketi
Yalihan
zenit
А & К
А? Бастау
А? Боса?а
А? Дастархан
А? Жар?ын
А? Желкен
А? жол
А? кеме
А? Маржан
А? тілек
А?-?айын
А?-?айын-2
А?-?Й
А?-Ерке
А?-ЖАЙЫ?
А?-ниет
А?б?ла?
А?бастау
А?БАЯН
А?бота
А?ерке
А?ерке
А?жан
А?жол
А?жуніс
А?маржан
А?ниет
А?ЫЛ
А?ыл
А66
Абiлхаир
Абай
Абай
АББАС
АББАС АТА
АБДУКОСИМ АТА
Абдулазиз
Абдулазиз
Абдулла ата
Абдупаттах ата
Абдурахман
Абдурахман ата
Абдурахман Ата
Абдусамат
Абен
АБЗАЛ
Абзал
Абзал
АБЗАЛ
АБК
Абылайхан
АБЫЛАЙХАН
Аврора
Аврора
Автострахование
Агабай ата
Адал
Адей
Аделя
Адема
Адил
Адил
АДИНА
Адиш
АЖАР
АЗАМАТ
Азамат
АЗАМАТ
Азамат
Азамат
Азамат
АЗАМАТ
Азат
Азат
Азат
АЗАТ
Азат и К
Азем
АЗИЗ
Азиз
Азиз
Азиза
Азиза
Азиза
АЗИЗА
Азиза
Азико
Азия
Аида
Аида
Аида
Аида
Аиша
Аия
АЙ АРУ
Ай_Ару
Ай-Асыл
Ай-Дина
Ай-Сара
Айару
Айару
Айарум
Айбар
Айбар
Айбек
Айбек
Айг?л
Айгерим
АЙГЕРИМ
Айгерім
Айгерім
Айгерім
Айгул
Айгуль
Айгуль
Айгуль
Айдан
Айдана
Айдана
Айдана
Айдарбек
Айдос
Айдос
Айжан
Айжан
Айжан
Айжан ана
АЙЖАР?ЫН
Айзада
Айзада Ана
Айзере
Айида
Айка
Айкерим
Айлин
Айлин
АЙМАН 24 САГАТ
Айман-Шолпан
Айн?р
Айн?р
Айн?р
АЙНА
Айна
Айнаш
Айнаш
Айнур
Айнур
Айнур
Айран-Шейх
Айс?лтан
Айсана
Айсана
Айсу
Айсултан
Айсултан
Айсулу
Айтгул
Айшак?л-ана
Айшан?р
Айя
Ак
Ак Дастархан
АК ЖАЛ
АК НИЕТ
Ак-Ниет
Акация
Акбар
Акбар
Акберен
Акбота
АКВЕДУК
Акерке
Акжол
Акжурек
Акку
Акку
АКМЫРЗА
АКНИЕТ
Акниет
Акпар
Акрам
Актам
Ал-Ди-Ас
Ала-Тау
Алатау
АЛЕМ
Алем
Ален
Ален
Али
Али
Али
Алибек
АлиЖас
Алима
Алима Апа
Алимжан ата
Алина
Алина
Алинур
Алинур
Алихан
АЛИХАН
Алихан
Алихан
Алишан
АЛИШЕР
АЛИШЕР
Алия
Алия
Алия
Аллах верды
Алма
Алмас
АЛМАС
Алмас
Алмас
Алмас
Алмат
АлН?р
АлНур
Алтын Алма
Алтын Балы?
Алтын Д?н
Алтын к?з
Алтын Сам?ры?
Алтын-Алма
Алтынай
Алтынай
Алтынай
АЛТЫНАЙ
Алтынай
Алтынкул ана
Алуа
Алуа
АЛЬ БАРАКА
Аль Мансур
Альтаир
Альтаир
Амангелді
Амина
АМИНА
Амур Темур
Анар
АНАР
Анар
АНЕЛЬ
Анель
Анеля
Анеля
Аниса
Анна
Ансар
Анталья
Антилопа
Анюта
Ар-Райан
АРАЙ
Арай
Арай
Арай
Арай
Арай 2
Арайлым
Арайлым
АРАЙЛЫМ
Арайлым
Арайлым
Арайлым
Арайлым
Арасан
Аргос
Арзан
Арзан
Арзан
Арзан
АРЗАН
Арзан
АРЗАН
АРЗАН
Арзан
Арзан
Арзан-2
Арзу
АРЗУ
АРЗУ
Арман
Арман
Арман
АРМАН
Арман
Арман
Арман
Арман
АРМАН
Арсен
Арсен
Арсен
Арслан
Арслан
Артаза
Аружан
Аружан
Аружан
Аружан
Аружан
АРУЖАН
Аружан
Аружан
АРУЖАН
Аружан
Аружан
Аружан
Аружан
Аружан
Аруна
Арыс
Ас- Нур
АС?АР
Ас?ар Тау
АСАДБЕК
АСАР-2
Асел
Асел
АСЕЛ
Асел
Асел
Асель
Асель
Асель
Асель
Асель
Асем
Асем
Асем
АСЕМ
Асем-ай
Асемгул ана
АСИЯ
АСК
Аскер
Аслан
АСЛАН
Аслан
Аслан
АССОРТИ
Ассорти
Ассорти
Ассорти
Астана
АСТАНА
Астана
Асхат
Асхат
Асыл-ай
Асылжан
АСЫЛЖАН
Ася
Ата
АТАБЕК
Атаман
АТАМЕКЕН
Атамекен
АТАМЕКЕН
АТАМЕКЕН
АТАМЕКЕН
АТАМЕКЕН
АТАМЕКЕН
АТАМЕКЕН
АТК
АТК
Атхам
Ахан ата
Ахмед
АХМЕТ АТА
Аэлина
Аю
Аяжан
Аяжан
Аяжан
АЯЖАН
Аяла
Аян
Аян
Аяна
Аяна
Аяна
Аянат
Аят
Аят
АЯУЛЫМ
Аяулым
Аяулым
Аяш
Б?кір Ерлан
Б?кір Марат
Ба?-К?т
Ба??он
Ба?д?улет
Ба?д?улет
Ба?даулет
БА?ЖАН
Ба?жан
БА?КЕЛДІ
Ба?тияр
Ба?тияр
БА?ЫТК?РІМ
Багдад
Базарбай Ата
Базет
Бай?али
БАЙЖИГИТ
Байназар
Байназар
Байназар-2
Байрух
Байсал Ата
БАЙТЕРЕК
Бак-Нур
Бакалея
Бакдаулет
БАКЕ
Бакытжан
Балапан
БАЛАУСА
Балауса
Балауса
Балдаурен
Балды-Су
Балдырган
Балдырган
БАЛЖАН
Балжан Ана
Балн?р
Балн?р
Балтабай
Балы?
Балым
БАМ
Бану
Бану
Бану
БАРАКАТ
Барыс
Бастау
БАТЫР
Баум
БАУЫРЖАН
Бауыржан
Бахтияр
Бахты Карим
Баян
Баян
Бегали
Бей-арс
Бейбарыс
Бек
Бек
БЕК
Бек-Апа
Бек-Тас
БЕКАРЫС
Бекет
Бекет
Бекжан
Бекжан
Бекжан
БЕКЗАД
БЕКМУРАТ
Бекназар
Бекнур
Бекнур
Бексултан
БЕЛЕС
Бен
Березка
Береке
БЕРЕКЕ
Береке
Береке
Береке
Береке
Береке
Береке
Береке
Береке
Береке
БЕРЕКЕ
Береке
Береке
БЕРЕКЕ
Береке
Береке
Береке
БЕРЕКЕ
Береке
БЕРЕКЕ
Береке
Береке
Береке
Береке
БЕРЕКЕ
Береке
Береке
Береке
Береке
Береке
Береке
Береке
Береке
Береке
Береке
Береке
Береке
Береке
Береке
Береке
Береке
Береке
Береке ет
Берекет
БЕРЕН
Берік
БЕРІК
Берік
Беркат
Беркут
Бес ж?лдыз
БИБИ-АЙША
Биік
Биржан
Биржан
Бистро
Бит?ре
Бірлік
Божбан
Болат
БОЛАША?
БОНУ
Боранкул ана
Бордо
БОРЗ
Бота
Ботак?з
БУЛОЧНАЯ
БУЛОЧНАЯ
Бутик 61
Валентина
Вахаб Ата
Вахаб ата
Венера
Ветерок
Виктор+
Виктория
Виктория
Витязь
Восток
Восток
Восхождение
Г?л
Г?лн?р
Габит
Гайрат
Галия
Гараж
Гараж
Гарант
Гастроном
ГАУ?АР ТАС
Гаухар
Гаухар
Гаухар
Гаухар
Гаухар
ГАУХАР ТАС
Гезаль
Гиязжан
Гранд
Гука
Гул Асем
Гул-Ислам
Гулбахор
Гулдаригаханым
Гулдер
Гулдер
Гулжаухар
ГУЛНАЗ
Гулназ
Гулнара
Гулсара
Гулсара
Гулсым
Гульнар
ГУЛЬНАР
Гульнара
Гульнара
Гульшар
Гуля ?пше
Д?м
Д?мді
Д?н
Д?урен
Д?урен
ДА??
Давлат
Дадаш ата
ДаДи-1
Дамир
Дамира
Дамира
Дамирис
Дана
ДАНА
ДАНА
Дана
Дана
Дана
Дана
Данай
Данеля
Даниял
Данияр
Данияр
Дара
Дария
ДАРМЕН
Дархан
Дарын
Дастан
Дастан
ДАСТАН
ДАСТАН
Дастан
Дастархан
Дастархан
Дастархан
ДАСТАРХАН
Дастархан
Дауір
ДАУЛЕТ
Даулет
ДАУЛЕТ
ДАУЛЕТ
Даулет
Даулет
Даулет-Би
Даулет-Би
Даурен
Даурен
Даурен
Даурен
ДДД
Дельфин
Дельфин
Демир
Депо
ДИ-АЙС
Диа2
Диана
Диана
ДИАНА
Диана
Диана
Диана
Диана
Диана
Диас
Диас
Диас
Диас
Диера
Диера
Дилмиш Ата
ДИЛНОЗА
Дилшад
Дильбар
Диля
Диля
Диляра
Дина
Дина
Динар
Динар
Динара
Динара
Динара
Динара
Динара
Динара
Динара
Динара
Динара
Динара
Динара
Динара
Динара
ДИНАРА
Динара
Динур
Дио
Дихан ата
ДИЯР
ДИЯР
Ділміш-ата
Дони
Дос
Досан
Достар
Досты?
Достык
Достык
Достык
Достык
Думан
Дыбыс
Дядя Миша
Е? Арзан
Е? арзан
Е?лiк
Еламан
ЕЛАР
ЕЛДОС
Елік-Ай
Елмурат
Ер-Ай
Ер-Н?р
Ер-Нур
Ерасыл
Ерб?лан
Ербулан
ЕРГЕШ АТА
Ердаулет
Ердаут
Ердаут
Ердаут-1
Ердос
Ержан
Ерзат
Ерзат
Ерканат
Ерке-Ана
Еркебулан
Еркебулан
Еркебулан
Еркем
Еркін
Ерлан
Ерлан
ЕРМЕК АТА
Ерн?р
Ернар
Ернар
Ескендір Ата
Ж?лдыз
Ж?лдыз
Ж?мабек ата
Ж?сіп ата
Жа?абай ата
Жа?алы?
Жа?алы?
Жа?алы?
ЖА?АЛЫ?
ЖА?СЫЛЫ?
Жавлон
Жадыра
Жадыра
Жазира
Жайна
Жаке
Жаксылык
Жал?ас
Жамбыл
Жан
Жан-Дан
Жан-Даулет
Жана
ЖАНАБАЙ
Жанайым
Жаналык
Жанар
Жанар
Жанар
ЖАНАР
Жанар
Жанат
Жанат
Жаная
ЖАНБИБI ?ЖЕ
ЖАНДОС
Жанел
ЖАНЕЛЬ
Жанель
Жани
Жания
Жания
Жанна
ЖАННА
ЖАННА
Жанна
Жаннат Бурчаги
Жаннур
Жансая
Жансая
Жансая
Жансая
Жансая
ЖАНСАЯ
Жарыл?асын
Жас-Улан
ЖАС?ЛАН
Жасмин
Жасмина
Жасулан
Жасулан
Жасулан-Байжігіт
Жасур
Жаулан
Жахангир
Жейхун сити
Жети Казына
Жетысу
Жибек
Жибек Жан
Жиделі
Жібек жолы
Жолдас ата
Жолдас Ата
Жомарт
Жулдыз
Жулдыз
Жулдыз
Жумабек Ата
Жумахан ата
ЖУМАШ АТА
За??ар
За??ар
Зайдинхан Ата
Замира ана
Зангар
Зарина
Зарина
Зарина
Зарина
Зарина
Зафар
ЗЕРЕ
Зере
Зертай апа
Зиябек
Зияд
ЗИЯД
Зухра
Зухра
Ибаш ана
Ибрагим
Игілік
Игілік
Игілік
Идеал
Иззат
Илияс
Илхам
ИМРАН
Имран
Индира
Индира
Индира
Инжу-Маржан
Инкар ана
Интернет
Ирада
Ирада
Ирис-Неъмат
ИРИСБЕК
Ирискул-ата
Ирисмат ата
Ирсай она
Ирсай-ана
Ирсали
Ислам
Ислам
Ислам-ата
Исламбек
Исламхан
Исман ата
Исманали Ата
Исфиджаб
І?к?р
Інжу
ІНЖУ
Інжу
ІНЖУ
Інжу-Маржан
К??іл
К?ктем
К?ктем
К?ктерек
К?л?йім ?же
К?н Нуры
К?н сайын
К?ркем
К?ркем
К?усар
К?усар
КАБЫЛБЕК
Кажымухан
Казына
Казына
Казына
Кайрат
Калина Красная
Калкаман
Калыш-ана
Камал
Камила
Камила
Камшат
Камшат
Канагат
КАПАЛ
Кара-су
КАРА-СУ
Караван
Карина
Карина
Касиет
КАСКАСУ
КАУСАР
Кенжебек Ата
Керемет
Керемет
Керемет
Керемет
Керемет
Керимбек ата
КЕРУЕН
Керуен
КИА
КИЕВ
Кипарис
Клара
Клара
Кобей Ата
Коксарай
КОЛОБОК
Комета
Конус
КОРГАНБАЙ АТА
Корганбай ата
КОРЗИНКА
Корзинка
КОРКЕМ
Коркем
Кошер
Кристалл
Ксюша
Кулаш
Кулданай Апа
Кулдар ана
Кулинария
Кулсін-Ай
Кунсулу
КУНШЫГЫС
Куншыгыс
Куралай
Кус
Кызыл дала
Кызылжар
Лаззат
Лев
Лейла
ЛЕСБЕК
Лесбек ата
ЛиКО
М?лдір
М?лдір
М?лдір
М?лдір
М?рат
М?рат
Ма?жан
МА?ЖАН
Ма?сат
Ма?сат
МА?САТ
Ма?сат
Магазин
Магазин
Магазин
Магазин
Магазин
Магазин
Магазин
Магазин
Магазин
Магазин
Магазин
Магазин
Магазин
Магазин
Магазин
Магазин
Магазин
Магазин
Магазин
Магазин
Магазин
Магазин
Магазин
Магазин
Магазин
Магазин
Магазин
Магазин
Магазин
Магазин
Магазин
Магазин
Магазин
Магазин
Магазин
Магазин
Магазин
Магазин
Магазин
Магазин
Магазин
Магазин
Магазин
Магазин
Магазин
Магазин
Магазин
Магазин
Магазин
Магазин
Магазин
Магазин
Магазин
Магазин
Магазин
Магазин
Магазин
Магазин
Магазин
Магазин
Магазин
Магазин
Магазин
Магазин
Магазин
Магазин
Магазин
Магазин
Магазин 53
Магазин по продаже продуктов
Магазин продовольствия
Магазин продуктов
Магазин продуктов питания
МАГИЯ
МАГНИТ
Магнолия
Мади
Мади
Мади
МАДИ
МАДИ
Мади
МАДИ
Мадина
Мадина
Мадина
Мадина
Мадина
МАДИНА
МАДИНА
Мадина
Мадина
Мадинабану
Мадияр
Мадияр
Мадияр
МАДО
Майкент
Майра
Майра апа
Майтобе
Маке
Макс
Максат
Максат
Максат
Максат
МАЛИКА
Малика
Малика
Маман Ата
Манат
Манат
Мансур
Маншук
Мардан
Маржан
Маржан
Маржан
МАРЖАН
Маржан
МАРИКА
Мария
Мариям
Мариям
Маркет №1
Мархабо
Матлюба
МАФИ
МАХМУТ АТА
Махсуд хажи
МЕГАС
Медет
Медеу ата
Мейiр
Мейіз Апа
Арсен
МЕЙІРБЕК
Мейрам
Мельница
Мемрам
Мерей
Мерей
Мерей
Мерей
Мерей
Мерей
Мерей Мед
Мерейли
Меруерт
Меруерт
Меруерт
Меруерт
Металлург
Мико
МИКОШКА БИКОШКА
Милана
Милана
Милена
Миллениум
Миллионер
Минавар
Мини-маркет
Мини-маркет
Мини-маркет
Мини-маркет
Мини-маркет
Мини-маркет
Мир Здоровья
Мираж
Мираж
Продуктовый Магазин Без Названия
Мирана
Мирас
Мирас
Мирас
МИРАС
Мирас
Мирас
Мират
Миркан
Мирсалим
Мі?айым Ана
МММ
МОЙКА 4
Молдали
Молдир
Молдос
Мольдир
МУРАТ
Мурмакс
Мурмакс
МУРОД
МУСА
Муслимат ата
Мустафа ата
Мухамедали
МЫРЗАКАРИМ АТА
Мэри
Н?би
Н?р
Н?р
Н?р
Н?Р
Н?р
Н?р
Н?р
Н?р
Н?р
Н?р Ай
Н?р Дар
Н?р Даулет
Н?р-?уаныш
Н?р-Ай
Н?Р-БЕРЕКЕ
Н?р-Еркем
Н?Р-Н?Р
Н?р-Сая
Н?Р?ЛІ
Н?Р?ЛІ
Н?рАру
Н?расыл
Н?расыл
Н?рд?улет
Н?рдос
Н?РЖАМАЛ
Н?рзат
Н?рислами Азим
Н?РЛЫ ЖОЛ
Н?рлы-Айым
Н?РТАС
Н.Б.С.
Н2О
На 8-ом
На Тверской
Наво
Надежда
Наза
НАЗАРБАЙ АТА
Назерке
Назерке
Назима
Назмина
НАЗЫМ
НАР АТА
Наргиз
Наргиза
Наргиза
Нарікбай
Нармат ата
Народный
Нарханум
Насиба Апа
Насима
Натали
НАУРЫЗ
НАУРЫЗ
Наурыз
Находка
Наш магазин
Незабудка
НЕСIБЕ
Несiбе
Несiбелi
Несібе
Несібе
Нигина
Ниязкул ата
НИЯТ
Новинка
Новинка
Ностальгия
Ноян
Нулифар
Нур
Нур
Нур
Нур
НУР
Нур
НУР
НУР
НУР 777
Нур Сад
Нур-Ай
Нур-асыл
Нур-Асыл
НУР-УАЛИ
Нур-Фарм
НУРАЙ
Нурай
Нурасыл
НУРАСЫЛ
Нурбакыт
Нурбакыт
Нурбек
Нурдана
Нурдаулет
НУРДАУЛЕТ ХАЛАЛ
Нуржамал
Нуржан
НУРИЛА
Нурислам
Нуркен
НУРЛАН
Нурлы
Нурлы Тау
Нурлыайым
Нурмухаммед
НУРСАЛТАНАТ
Нурсан
Нурсат 2
Нурсат 2
Нурсаят
НурТай-АТА
НУРТАС
Нуртас
Нурхан
Нурхат
Нью Васюки
О`КЕЙ
ОДИНА
ОЙБЕК
Ойбек
ОКЕАН
Октам ата
Олжа
Олжа
Олжа
Олжа
Олжас
ОЛЖАС
Олжас
Олжас
ОЛЖАС
Олимп
ОЛЬГА
Омар ата
Омирза? ата
Омирзак
Оптовик
Оптовик+
Оптовый магазин
Ор и Ка
Ордабасы
Ордабасы
Оригинал
Оркен ана
Орман ата
Орынбасар Ата
ОТЫРАР
Отырар
Папина лавка
Пекарня
Пекарня
Перизат
ПЕРИЗАТ
Перизат
ПИРАМИДА
Платинум
Пончик
Продовольственный магазин
Продовольственный магазин
Продовольственный магазин
Продовольственный магазин
Продовольственный магазин
Продовольственный магазин
Продовольственный магазин
Продовольственный магазин
Продовольственный магазин
Продовольственный магазин
Продовольственный магазин
Продовольственный магазин
Продовольственный магазин
Продовольственный магазин
Продовольственный магазин
Продовольственный магазин
Продовольственный магазин
Продовольственный магазин
Продовольственный магазин
Продовольственный магазин
Продовольственный магазин
Продовольственный магазин
Продовольственный павильон
Продуктовая лавка
Продуктовая лавка
Продуктовый ларек
Продуктовый магазин
Продуктовый магазин
Продуктовый магазин
Продуктовый магазин
Продуктовый магазин
Продуктовый магазин
Продуктовый магазин
Продуктовый магазин
Продуктовый магазин
Продуктовый магазин
Продуктовый магазин
Продуктовый магазин
Продуктовый магазин
Продуктовый магазин
Продуктовый магазин
Продуктовый магазин
Продуктовый магазин
Продуктовый магазин
Продуктовый магазин
Продуктовый магазин
Продуктовый магазин
Продуктовый магазин
Продуктовый магазин
Продуктовый магазин
Продуктовый магазин
Продуктовый магазин
Продуктовый магазин
Продуктовый магазин
Продуктовый магазин
Продуктовый магазин
Продуктовый магазин
Продуктовый магазин
Продуктовый магазин
Продуктовый магазин
Продуктовый магазин
Продуктовый магазин
Продуктовый магазин
Продуктовый магазин
Продуктовый магазин
Продуктовый магазин
Продуктовый магазин
Продуктовый магазин
Продуктовый магазин
Продуктовый магазин
Продуктовый магазин
Продуктовый магазин
Продуктовый магазин
Продуктовый магазин
Продуктовый магазин
Продуктовый магазин
Продуктовый магазин
Продуктовый магазин
Продуктовый магазин
Продуктовый магазин
Продуктовый магазин
Продуктовый магазин
Продуктовый магазин
Продуктовый магазин
Продуктовый магазин
Продуктовый магазин
Продуктовый магазин
Продуктовый магазин
Продуктовый магазин
Продуктовый магазин
Продуктовый магазин
Продуктовый магазин
Продуктовый магазин
Продуктовый магазин
Продуктовый магазин
Продуктовый магазин
Продуктовый магазин
Продуктовый магазин
Продуктовый магазин
Продуктовый магазин
Продуктовый магазин
Продуктовый магазин
Продуктовый магазин
Продуктовый магазин
Продуктовый магазин
Продуктовый магазин
Продуктовый магазин
Продуктовый магазин
Продуктовый магазин
Продуктовый магазин
Продуктовый магазин
Продуктовый магазин
Продуктовый магазин
Продуктовый магазин
Продуктовый магазин
Продуктовый магазин
Продуктовый магазин
Продуктовый магазин
Продуктовый магазин
Продуктовый магазин
Продуктовый магазин
Продуктовый магазин
Продуктовый магазин
Продуктовый магазин
Продуктовый магазин
Продуктовый магазин
Продуктовый магазин
Продуктовый магазин
Продуктовый магазин
Продуктовый магазин
Продуктовый магазин
Продуктовый магазин
Продуктовый магазин
Продуктовый магазин
Продуктовый магазин
Продуктовый магазин
Продуктовый магазин
Продуктовый магазин
Продуктовый магазин
Продуктовый магазин
Продуктовый магазин
Продуктовый магазин
Продуктовый магазин
Продуктовый магазин
Продуктовый магазин
Продуктовый магазин
Продуктовый магазин
Продуктовый магазин
Продуктовый магазин
Продуктовый магазин
Продуктовый магазин
Продуктовый магазин
Продуктовый магазин
Продуктовый магазин
Продуктовый магазин
Продуктовый магазин
Продуктовый магазин
Продуктовый магазин
Продуктовый магазин
Продуктовый магазин
Продуктовый магазин
Продуктовый магазин
Продуктовый магазин
Продуктовый магазин
Продуктовый магазин
Продуктовый магазин
Продуктовый магазин
Продуктовый магазин
Продуктовый магазин
Продуктовый магазин
Продуктовый магазин
Продуктовый магазин
Продуктовый магазин
Продуктовый магазин
Продуктовый магазин
Продуктовый магазин
Продуктовый магазин
Продуктовый магазин
Продуктовый магазин
Продуктовый магазин
Продуктовый магазин
Продуктовый магазин
Продуктовый магазин
Продуктовый магазин
Продуктовый магазин
Продуктовый магазин
Продуктовый магазин
Продуктовый магазин
Продуктовый магазин
Продуктовый магазин
Продуктовый магазин
Продуктовый магазин
Продуктовый магазин
Продуктовый магазин
Продуктовый магазин
Продуктовый магазин
Продуктовый магазин
Продуктовый магазин
Продуктовый магазин
Продуктовый магазин
Продуктовый магазин
Продуктовый магазин
Продуктовый магазин
Продуктовый магазин
Продуктовый магазин
Продуктовый магазин
Продуктовый магазин
Продуктовый магазин
Продуктовый магазин
Продуктовый магазин
Продуктовый магазин
Продуктовый магазин
Продуктовый магазин
Продуктовый магазин
Продуктовый магазин
Продуктовый магазин
Продуктовый магазин
Продуктовый магазин
Продуктовый магазин
Продуктовый магазин
Продуктовый магазин
Продуктовый магазин
Продуктовый магазин
Продуктовый магазин
Продуктовый магазин
Продуктовый магазин
Продуктовый магазин
Продуктовый магазин
Продуктовый магазин
Продуктовый магазин
Продуктовый магазин
Продуктовый магазин
Продуктовый магазин
Продуктовый магазин
Продуктовый магазин
Продуктовый магазин
Продуктовый магазин
Продуктовый магазин
Продуктовый магазин
Продуктовый магазин
Продуктовый магазин
Продуктовый магазин
Продуктовый магазин
Продуктовый магазин
Продуктовый магазин
Продуктовый магазин
Продуктовый магазин
Продуктовый магазин
Продуктовый магазин
Продуктовый магазин
Продуктовый магазин
Продуктовый магазин
Продуктовый магазин
Продуктовый магазин
Продуктовый магазин
Продуктовый магазин
Продуктовый магазин
Продуктовый магазин
Продуктовый магазин
Продуктовый магазин
Продуктовый магазин
Продуктовый магазин
Продуктовый магазин
Продуктовый магазин
Продуктовый магазин
Продуктовый магазин
Продуктовый магазин
Продуктовый магазин
Продуктовый магазин
Продуктовый магазин
Продуктовый магазин
Продуктовый магазин
Продуктовый магазин
Продуктовый магазин
Продуктовый магазин
Продуктовый магазин
Продуктовый магазин
Продуктовый магазин
Продуктовый магазин
Продуктовый магазин
Продуктовый магазин
Продуктовый магазин
Продуктовый магазин
Продуктовый магазин
Продуктовый магазин
Продуктовый магазин
Продуктовый магазин
Продуктовый магазин
Продуктовый магазин
Продуктовый магазин
Продуктовый магазин
Продуктовый магазин
Продуктовый магазин
Продуктовый магазин
Продуктовый магазин
Продуктовый магазин
Продуктовый магазин
Продуктовый магазин
Продуктовый магазин
Продуктовый магазин
Продуктовый магазин
Продуктовый магазин
Продуктовый магазин
Продуктовый магазин
Продуктовый магазин
Продуктовый магазин
Продуктовый магазин
Продуктовый магазин
Продуктовый магазин
Продуктовый магазин
Продуктовый магазин
Продуктовый магазин
Продуктовый магазин
Продуктовый магазин
Продуктовый магазин
Продуктовый магазин
Продуктовый магазин
Продуктовый магазин
Продуктовый магазин
Продуктовый магазин
Продуктовый магазин
Продуктовый магазин
Продуктовый магазин
Продуктовый магазин
Продуктовый магазин
Продуктовый магазин
Продуктовый магазин
Продуктовый магазин
Продуктовый магазин
Продуктовый магазин
Продуктовый магазин
Продуктовый магазин
Продуктовый магазин
Продуктовый магазин
Продуктовый магазин
Продуктовый магазин
Продуктовый магазин
Продуктовый магазин
Продуктовый магазин
Продуктовый магазин
Продуктовый магазин
Продуктовый магазин
Продуктовый магазин
Продуктовый магазин
Продуктовый магазин
Продуктовый магазин
Продуктовый магазин
Продуктовый магазин
Продуктовый магазин
Продуктовый магазин
Продуктовый магазин
Продуктовый магазин
Продуктовый магазин
Продуктовый магазин
Продуктовый магазин
Продуктовый магазин
Продуктовый магазин
Продуктовый магазин
Продуктовый магазин
Продуктовый магазин
Продуктовый магазин
Продуктовый магазин
Продуктовый магазин
Продуктовый магазин
Продуктовый магазин
Продуктовый магазин
Продуктовый магазин
Продуктовый магазин
Продуктовый магазин
Продуктовый магазин
Продуктовый магазин
Продуктовый магазин
Продуктовый магазин
Продуктовый павильон
Продукты 113
Продукты 12
Продукты 124
Продукты 16
Продукты 17
Продукты 21
Продукты 38
Продукты 54
Продукты 56
Рабия
Радуга
РАЙ
Райхан
Райхан
Райхан ана
Райхона
Ралас
Рауан
Рауан
РАУШАН
Рахат
Рахат
Рахат
Рахат
Рахат
Рахат
Рахат
Рахат
Рахат
Рахат
Рахат
Рахим
Рахима
Рахия
Рахматулла ата
Рахмет
Рахмет
Рахым
Рахымжан
Рахымжан
РАЯН
Реал
Риза
Рихсибуви
Родничок
Роза Апа
Розмат Ата
Розовый
Россинка
Рошен
Руслан
Руслан
Руслан
Руслан и Амина
Рустам
Рустам
Рустам
Рустем
Рыск?л апа
С???ар
С?лтан
С?лтан
С?ЛТАН
С?лтан
С?т
С?т
С?т
С?т
С?т
С?т
С?уле
Са-На
Са?и
Сабина
Сабит
Сабит
Сабыржан ата
САИЛАУ
Сайдикрам ата
Сайдулла ата
Сайдулла Ата
Сайдыгани
Сайёра
Сайлаубек
Сайман
Сайрам
Сайрам-су
Саламат
САЛЕМ
Салих
Салиха
Салтанат
Салтанат
Салтанат
Салтанат
Салтанат
САЛТАНАТ
Салтанат
Салтанат
Салтанат
Салтанат
Самал-2
Самат
Самир
Самко
Самэул
Сан Лайт
Сандугаш
САНДУГАШ
Санжар
Санжар
Санжар
Санобар
САНЧО
Саодат
Саодат
Сапар
САПАРТАЙ АТА
Сарбон
Сарвар
Сарваржон
Сарназ
САРЫ ЖАЗ
Сары-Арка
Саттар
Сауле
Сауле
Сауран
Сафар
САФАРИ
Сафина
Сахарный центр
САХИДА АПА
Сая
Сая
Сая
Сая
СаяЖан
Саян
Светлана
Севара
Севгина
Севинч
Севинч
Сейітбек
СЕМЕЙ-АТА
СЕРДАЛЫ
Серик
Серік
Сетора
Симар
Симча
Сириус
Сити-маркет
Ситора
Ситора
Смак
Согдиана
Соня
Спутник
Стиль
Су Зар
Султан
Султан
Султан апа
Султан Ата
СУЛТАНБЕЙ
Супер бум
Сыбага
Сымбат
Сымбат
СЫМБАТ
Сымбат
СЫМБАТ
Сымбат
Сымбат
Сыр сулуы
СЭД
Т?ЖЕН АТА
Т?рсін-Ай
Т?рсынай
ТА?
Та?шолпан
Табыс
Табыс
Табыс
Табыс-2
ТАБЫСТЫ
Тажiмурат ата
ТАЖИБАЙ АТА
Таксофон
Таксофон
Таксофон
ТАЛ?АТ
Талан
Тан
Тан
Тандем
Таншолпан
Таншолпан
ТАНШОЛПАН
ТАССАЙ
Тастанбек ата
Тату
Таубай
Тахир
Тахир
Тахир
ТАХМИНА
ТАХМИНА
ТЕМИРЛАН
Темірлан
Тенге
Терекзор
Тимур
Тимур
Тимур
Тиын
То?жан
То?жан
ТОЙЛЫБАЙ АТА
Тойлыбай ата
Тойшы ата
Толен
Томирис
Туннель
Туран
Турсын ай
Тынык апа
У Асема
У Зарины
У Ислама
У Ферузы
Уак-Ата
Уктамбай
УЛАР
УлАр
Улбосын
Улдан ана
Улугбек
Умiт
Умар
УМАР-АЛИ
Умид
Умит
Умит
Урбеш-Ай
Уржан ана
Уржан ана
Урхантай апа
Усен
Фарангиз
Фарзат
Фарида
Фархад
Фархат
Фатима
Фатима
Фатима 2
Фатима апа
Фериде
Феруза
Фея
Фирдаус
Фиркан
Фиркан
Фиркан
Фиркан
Фламинго
Фуд Мастер
Хадиша
ХАДИША 2
Халал
Халал
Ханзада
ХАНШАЙЫМ
Ханшайым
Хасан Ата
ХАСАН-ХУСАН
Хасият
ХАТИРА
Хоттабыч
Христина
Худайберген Ата
Хурсанд Ата
Хусанбай
Целина
Цитадель
Чайка
Чапаевка
Чарос
Чарос
Чарос
Ш??ыла
Ш??ЫЛА
Ш??ыла
Ша?ыра?
ШАhАР
Шавкат
Шаймерден
Шакам ата
Шал
Шапагат
ШАПАГАТ
ШАПАГАТ-2
ШАРБЕТ
Шарипа
Шарипбай ата
Шарифхан
Шах
Шах
ШАХ
Шах
ШАХ 10
Шах Нур
Шах-Нур
Шахар
Шахзод
Шахмат
Шахноза
Шахризода
Шаян
Ширин
Ширин
Шо?ан
Шодиана
Шолпан
Шолпан
Шолпан
Шолпан
Шолпан
Шолпан
Шолпан
Шукур ата
Шурик
ШУХРАТ
Шухрат
Шым
ШЫМБОЛАТ
Шымкент кус
Шымыр Ата
Шынар
Шынар Халал
ШЫРЫН
Шырын
Ынтыма?
Ынтыма?
ЫНТЫМА?
Ынтымак
Ырыс
Ырыс
Ырыс
Ырыс
ЫРЫС
Ырыс
Ырыс
ЫРЫС
ЫРЫС АЙ
ЫРЫСБАЙ АТА
Ысты
Эдельвейс
Эдельвейс
ЭДЕМ
Эконом Маркет
ЭКОНОМ+
Экспресс
Экспресс
Элина
Эль арас
Эльмира
Эльнура
Эркин
ЭФЕ
Эшим ата
Эшпол ата
Южная Корзинка
Южная Корзинка
Южный
Юлдаш ата
Юлдаш ата
Ярче
Ясмин
Ясмин
Ясмина
?уаныш
Мадина
Айару
Qamqor
Продуктовый магазин
Оптовик 2
Инжу
Мадина
?діл
Спутник
Г?лжан
Арзан
Нигина
Диана
Айнура
Balym
Ыстык Нан
Продуктовый Магазин
Даниелиа
