Толстого, 104, 1 этаж
Акназар Хан, 60/3
Жибек жолы, 95, 1-2 этаж
Жуманова, 23/1
Алибекова, 1а, 1 этаж
Хайруллина, 31
Бекболатова, 131/1
Нурсултана Назарбаева проспект, 31, 1 этаж
Алдиярова, 2/1
Богенбай батыра, 83
Елшибек батыра, 116/1
Нурсат микрорайон, 107, 1 этаж
18-й микрорайон, 8, 1 этаж
Отырар, 64/1
Сайрамская, 38
Жубанова, 40Б
Рыскулова, 1007
Туркестанская, 4, 1 этаж
Новостройка, 28
Туякбаева, 14а
Байтурсынова, 73, 1 этаж
Верещагина, 75
Байысбаева, 1/1, 1 этаж
Панфилова, 68/3, 1 этаж
Казакстан, 16а
Дулати, 54, 1 этаж
Аккурай, 33/1
Бактияров, 27/1
4-й микрорайон, 3а
Жолан Батыра, 115/1
Жибек жолы, 4/8
Сурикова, 1а/1
Сайрамская, 45д, 1 этаж
Северный жилмассив, 142/6
Назарбекова, 222/1, 2 этаж
8-й микрорайон, 5/1
Муканова, 87
Восток микрорайон, 90, 1 этаж
Жиделибайсын, 89, 1 этаж
Алимкулова, 4, 1 этаж
8-й микрорайон, 7/2
Спатаева, 65/1
Кабанбай батыра проспект, 5а, 1 этаж
Аргынбекова, 1/5
4-й микрорайон, 9/5
Тауке Хана проспект, 160, 1 этаж
Коктем, 1/1
Майтобе, 4/1
Гагарина, 188/1
Гагарина, 88, 1 этаж
Интернациональная, 56/1
Отарбаева, 665/1
Балтабай Нурлыбекова, 63/1
Жанкожа батыра, 205Б
8-й микрорайон, 12, 1 этаж
Байдибек би проспект, 20/4
Абдыразакова, 4/2
Бауыржан Момышулы проспект, 147/2, 1 этаж
Аламан, 1/2
Жибек жолы, 7/8
Юсупова, 130
Алии Молдагуловой, 4
Бейбитшилик, 2
Аргынбекова, 60, 1 этаж
Шокана Уалиханова, 225в/3, 1 этаж
Кабанбай батыра проспект, 10
Туркестанская, 6, 1 этаж
Тамерлановское шоссе, 152/1, 1 этаж
Тауке Хана проспект, 99/1
Абдалиева, 2/1
Астана микрорайон, 93, 0 этаж
Мырзаби Ерназарова, 60, 1 этаж
Абая проспект, 11а/13, 1 этаж
16-й микрорайон, 37, 1 этаж
Аргынбекова, 68/10
Асар микрорайон, 120/4
Аманжолова, 60
Туркестан, 106/1, 1 этаж
Жылкышиева, 182/2
Нурсат 2 микрорайон, 20, 1 этаж
Байтурсынова, 102, 1 этаж
Машат, 38/2
Майлы Кожа, 202а, 1 этаж
Интернациональная, 60/1, 1 этаж
Отырар микрорайон, 12/7
18-й микрорайон, 19
Республики проспект, 10, 1 этаж
Алматинская трасса, 13/1
Аль-Фараби, 168
16-й микрорайон, 43/1
Толе би, 39а
Желтоксан, 114, 1 этаж
Айтымбет улы, 10
Восток микрорайон, 41/1
Сатыбалдиева, 43/2
Бау-бакша проезд, 2
Рыскулова, 359/7
Аргынбекова, 65/1, 1 этаж
Казыбек Би, 49
Жибек жолы, 9/4, 1 этаж
Тыныбаева, 21
Байтурсынова, 88/1, 1 этаж
Еламан, 94/3а
Тамерлановское шоссе, 202, 1 этаж
Север микрорайон, 34, 1 этаж
Гагарина, 44, 1 этаж
Айдын, 130
Астана микрорайон, 87, 0 этаж
Ибрагим ата, 113/37, 1 этаж
Арайлытан, 541
Байтурсынова, 206/1
Толе би, 20/8
Туганбай Алпысбаева, 1/2
Сатыбалдиева, 22
17-й микрорайон, 16а/3
Диваева, 129, 1 этаж
17-й микрорайон, 8/1
Байдибек би проспект, 130/6
Юсупова, 36
Ибрагим ата, 259/2
Айбергенова, 5/7
Амира Тимура, 41а
Чайковского, 58
Дулати, 133а, 1 этаж
Нурлыбаева, 22/1
Нурсат микрорайон, 39/2
Тамерлановское шоссе, 21, 1 этаж
Рыскулбекова, 5/5, 1 этаж
Момынова, 90/1
Арайлытан, 166
Турсынкул Утегенова, 7/5, 1 этаж
Бауыржан Момышулы проспект, 20а, 1 этаж
Тауке Хана проспект, 33, 1 этаж
Елшибек батыра, 97
Аль-Фараби площадь, 1Б/2, 1 этаж
Маншук Маметовой, 20а/1, 1 этаж
Кошерова, 63, 1 этаж
Иргелес, 161/2
Диваева, 142Б/1
Исмаилова, 24, 1 этаж
Астана микрорайон, 90, цокольный этаж
Бауыржан Момышулы проспект, 5, 1 этаж
Шокана Уалиханова, 4/1
Талдыколь, 1/1
18-й микрорайон, 5, 1 этаж
Юсупова, 10/1
Акбастау, 258/1
Гагарина, 44/1, 1 этаж
Сайрам микрорайон, 7, 1 этаж
Гагарина, 102, 1 этаж
Шамши Калдаякова, 1/27а
Шамши Калдаякова, 2/5, 1 этаж
Дауренбека Курманбекова, 96/1
Баянаул, 31/1
Тилеулес, 2
Айбергенова, 5а, 1 этаж
Камытбек Мамешов, 1/1
Алматинская трасса, 9/4, 1 этаж
Амангельды, 66/1, 1 этаж
Есенова, 1/9
Спортивный микрорайон, 15/1
4-й микрорайон, 19/1
Капал батыра, 54а/1
Аль-Фараби, 155
Юсуфа Сареми, 5/4
Алга, 2/2
Алга, 2/4
Молдабаева, 29
17-й микрорайон, 20, 1 этаж
Север микрорайон, 64, 1 этаж
Камысты, 75а
Ергеш ата Исраилова, 26
Абзал, 9/2
Елшибек батыра, 118, 1 этаж
Сапак датка, 7/3
Сулейменова, 19/2
Куртаева, 3/3
Асар микрорайон, 1/5
1 Мая, 22а, 1 этаж
Толе би, 23, 1 этаж
Асар микрорайон, 1892
Крейсера Авроры, 26/1, 1 этаж
Алдиярова, 12г, 1 этаж
Достык микрорайон, 3/1, 1 этаж
Ташенова, 36
Ауэзова, 49Б
Тамерлановское шоссе, 40/2
Толе би, 39а
Хабира Пазикова, 108а/1, 1 этаж
Тамерлановское шоссе, 71/1
Айтымбет улы, 22
Акпан батыра, 120, 1 этаж
Балтабай Нурлыбекова, 2373Б
Торекулова, 195/3, 1 этаж
Шокана Уалиханова, 192/1
Аккараган, 32а
Куртаева, 29
Орынбаева, 13/1
Тамерлановское шоссе, 1а/8
Жиделибайсын, 42
Ашира Едилбаева, 177, 1 этаж
Чехова, 22
Сапарбаева, 168/1
Жиделибайсын, 90/4
Северо - Запад микрорайон, 435
Аскарова, 24, 1 этаж
Октябрьская, 5, 1 этаж
Жангельдина, 3/1
Абдыразакова, 6, 1 этаж
Ергеш ата Исраилова, 32/2
Темирказы, 5
Интернациональная, 100
Адильбек Керимше, 71, 1 этаж
Володарского, 7, 1 этаж
Абдраймова, 41
Аскарова, 32, 1 этаж
Суворова, 4а
Бокейханова, 864, 1 этаж
4-я, 5/1
Шокана Уалиханова, 213в, 1 этаж
Нурсултана Назарбаева проспект, 46, 0 этаж
Тауке Хана проспект, 65/1
Торекулова, 218/1
Республики проспект, 16
Тамерлановское шоссе, 46
Дулати, 127
Алии Молдагуловой, 12, 1 этаж
Алматинская трасса, 36/1, 1 этаж
Жангельдина, 5а, 1 этаж
Абдраймова, 3/1
Акназар Хан, 56/1, 1 этаж
Ертана Болганбаева, 2
Ашира Едилбаева, 5/8
Север микрорайон, 44, 1 этаж
Узбекская, 33/1
Айдын, 21/2
Рыскулбекова, 8/1, 1 этаж
Рахимова, 15/1
Гагарина, 34а
Север микрорайон, 48/1
Еримбетова, 36/1
Жандарбекова, 84
16-й микрорайон, 17/1
Тамерлановское шоссе, 24/2
Тауке Хана проспект, 95а
Тауке Хана проспект, 226
Аймаутова, 57а
Алаколь, 48/1
Аль-Фараби, 264/1
Шардара, 43а
Шокана Уалиханова, 223Б/1, 1 этаж
Гагарина, 124, 1 этаж
Сайрам микрорайон, 9/1
Абая проспект, 12а/1, 1 этаж
Махмудова, 77/1, 1 этаж
Абдразакова, 7/1
Жандарбекова, 84/2
Амира Тимура, 152а/2
Тайманулы, 2а/8
Каскабаева, 20
4-й микрорайон, 17, 1 этаж
Отырар, 19
Шымбулак, 1/4
Нижний отырар микрорайон, 10 ст54, 1 этаж
Мунайтпасова, 169
Жангельдина, 28а, 0 этаж
8-й микрорайон, 4/1
Жангельдина, 12в/1
Акназар Хан, 1, 1 этаж
Жандарбекова, 142/1
Камысты, 45/1
Шокана Уалиханова, 213/13, 1 этаж, 32 бутик
Жибек жолы, 1/12
Жастык, 2/2, 1 этаж
16-й микрорайон, 42
Жанатурмыс, 1/1
Таубалытас, 1/2
Гани Иляева, 31/2
Тулпар, 10/1
Дауренбека Курманбекова, 69/1
Север микрорайон, 25, 1 этаж
Рыскулова, 1, 1 этаж
Шаяхметова, 956/1
Ахметова, 32/1
Токаева, 11, 1 этаж
Шардара, 1/8
Макталы, 27/1
Сейитова, 89/1
Стадионная, 2, 1 этаж
Амира Тимура, 262/6
Казыбек Би, 29, 1 этаж
Ибрагим ата, 281
Диваева, 122, 1 этаж
Карасу микрорайон, 66/3
Жартас, 26
Менделеева, 45
Амира Тимура, 297/2, 1 этаж
Север микрорайон, 44, 1 этаж
Кок сай 1 микрорайон, 336/1
Капал батыра, 6/8
Айнабулак, 118/1
Тастак, 122
Айбергенова, 3
Шокана Уалиханова, 215Б, 1 этаж
Нурсултана Назарбаева проспект, 22
Восток микрорайон, 12/1
Раугаш, 1/1
Сыздыкова, 3/1
Север микрорайон, 24/1, 1 этаж
Капал батыра, 10/1
Актам, 2/1
Сыпырган ата, 58, 1 этаж
Жасталап, 78/1
Байтерекова, 1/1
Тауке Хана проспект, 99
Казына, 14
Байтурсынова, 88Б, 1 этаж
Ерманова, 13/1, 1 этаж
Бекболатова, 93
3-й микрорайон, 12а
Жандосова, 215
18-й микрорайон, 45, 1 этаж
Кожанова, 22
Толе би, 22а
Гулдала, 615/2
4-й микрорайон, 14/1
Зердели, 1а, 1 этаж
Шокана Уалиханова, 233а, 1 этаж
Астана микрорайон, 71
Нурсултана Назарбаева проспект, 39, цокольный этаж
Бауыржан Момышулы проспект, 52/1
Гани Иляева, 326/1
Ашира Едилбаева, 3/2
Нурсат 2 микрорайон, 23а, 1 этаж
Махмудова, 28, 1 этаж
Казына, 2
Курбан ата, 67/3
Тамерлановское шоссе, 236/16
Аскарова, 7/3, 1 этаж
Сайрам микрорайон, 13г, 1 этаж
Спатаева, 49/2
Гажайып, 22Б
Ермекбаева, 23/1
Ескендерова, 11/36
Ашира Едилбаева, 65
Рыскулова, 26/1
Аль-Фараби, 164/1
Кошерова, 5/6
Уркимбаева, 15, 1 этаж
Темирказы, 19/1, 1 этаж
Макталы, 127
Аймаутова, 80, 1 этаж
Алматинская трасса, 6/5
Республики проспект, 8/2, 1 этаж
Тамерлановское шоссе, 144а, 1 этаж
3-й микрорайон, 2а, 1 этаж
Тауке Хана проспект, 249
Мангельдина, 33, 1 этаж
Айбергенова проезд, 5, 1 этаж
16-й микрорайон, 5, 1 этаж
Север микрорайон, 7, 1 этаж
Шокана Уалиханова, 192а/1
Лихачёва проезд, 24а
Шойынбаевой, 1/2
Юсуфа Сареми, 9/3
Жибек жолы, 2/1, 1 этаж
Джусупова, 4, 1 этаж
Интернациональная, 125
Мейырбекова, 26/1, 1 этаж
Рыскулбекова, 50а
Абая проспект, 33Б/1
Амира Тимура, 225а
Байтурсынова, 20/4, 1 этаж
Баян батыра, 65/1
Жибек жолы, 30, 1 этаж
Клары Цеткин, 188/1
Республики проспект, 14, 1 этаж
Байдибек би, 59
Аскарова, 39/1
Толе би, 12а, 1 этаж
Нахимова, 2/1
Естемес би, 3077
18-й микрорайон, 22а
Абая проспект, 22/1
Рыскулова, 2/4
Мадели Кожа, 48/12, 1 этаж
Айтеке би, 1/14, 1 этаж
Есил, 3/1
Гагарина, 117, 1 этаж
Жусанды, 52/1
Жибек жолы, 1/3
Тамерлановское шоссе, 30/1
Жангельдина, 12в/2
Нурсат микрорайон, 132, 1 этаж
4-й микрорайон, 5/1
Сасбукаева, 32, 1 этаж
Айдарлы, 1/2
Талдыколь, 123/1
Талдыколь, 123/1
Кабанбай батыра проспект, 1
Тауке Хана проспект, 330/4
Жангельдина, 32, 1 этаж
Алимбетова, 290/1
Дербес, 1/9
Арасан, 45/6
Нурсат микрорайон, 118, 1 этаж
Республики проспект, 46а, 1 этаж
Нурсултана Назарбаева проспект, 36, 0 этаж
Жибек жолы, 34
Алии Молдагуловой, 17/1
Акбосага, 760, 1 этаж
Тиршилик, 1/2
Спатаева, 74а
Тажибаева, 79
Юсуфа Сареми, 39/5
Асар микрорайон, 10/1
Желтоксан, 26/1
Жангельдина, 30, 1 этаж
Нурсат микрорайон, 39, 1 этаж
Хан Танири, 70
Теспе, 28
Байтулы Баба, 7, 1 этаж
Шокана Уалиханова, 3/13
Новостройка, 622/1
Зере, 1/3
Бексеита Тулкиева, 1/1
Ак Биик, 1/1, 1 этаж
Восток микрорайон, 24/1
Акбастау, 63/1
Байтурсынова, 79, 1 этаж
Адырбекова, 22
Байтурсынова, 79/4
Восток микрорайон, 45, 1 этаж
Абая проспект, 23, 1 этаж
Гагарина, 206/2
Айбергенова, 5а/1
Айшыкты, 16/3
Балбулак, 20/1
Восток микрорайон, 96
Алматинская трасса, 11/1, 1 этаж
1 Мая, 27, 1 этаж
Кандоз, 10
Искакова, 1/9, 1 этаж
Бабашулы, 46
Акбастау, 1/1
193-й квартал, 021
Асар 2 микрорайон, 2/1
Талдыколь, 60
Бауыржан Момышулы проспект, 184/1, 1 этаж
Макаренко, 7/1
Сырым батыра, 171/1
Республики проспект, 17/1
Кутузова, 23/1
Аскарова, 38/1, 1 этаж
Володарского, 1а, 1 этаж
Ибрагим ата, 118/1, 1 этаж
Круговой, 2/1, 1 этаж
Торекулова, 222/1
Землячки, 2
Каламбаева, 76
Тайманулы, 2а/1
Жангельдина, 12г, 1 этаж
Макталы, 131
Восток микрорайон, 96
Нурсат микрорайон, 117, 1 этаж
Бабыра, 70
Аркалык, 30
Бахриза Рамиза, 73
Терешковой, 50а, 1 этаж
Кажи Алмахан, 116/1
Айбергенова, 71а/2
Камытбек Мамешов, 26/1
Чайковского, 92
Тамерлановское шоссе, 40, 1 этаж
Шилменбетова, 9а
Сайрамская, 122/1
Абдраймова, 11/1
Желтоксан, 4, 1 этаж
Спортивный микрорайон, 1/1
Жандарбекова, 101
18-й микрорайон, 45/2
Рашидова, 27, 1 этаж
Айбергенова, 5, 1 этаж
Елшибек батыра, 35/1
Таубалытас, 68/1
Ташенова, 4/1, 1 этаж
17-й микрорайон, 12, 1 этаж
Байдибек би проспект, 960
Амангельды, 90/1
Республики проспект, 41, 1 этаж
Север микрорайон, 3/4
Джусупова, 20/1
Абая проспект, 33а/1
Нурсат микрорайон, 2/1
18-й микрорайон, 47/1
Нурсат микрорайон, 39/2
18-й микрорайон, 4/5 киоск
Жангельдина, 12/1
Сасбукаева, 32, 1 этаж
Байдибек би проспект, 84
Аль-Фараби, 147, 1 этаж
Анарова, 10Б, 1 этаж
Алии Молдагуловой, 1/1
Алпамыс батыра, 1/4
Байтиленова, 35, 1 этаж
Турген, 5/1
Аргынбекова, 7/7
Тамерлановское шоссе, 4/1, 1 этаж
Жангельдина, 26, 1 этаж
Космекен, 2/1
Туркестанская, 6, 1 этаж
Спортивный микрорайон, 23, 1 этаж
Сайрам микрорайон, 27/2, 1 этаж
Байтурсынова, 75
Тулпар, 1/5
Жангельдина, 15/9, 1 этаж
Камытбек Мамешов, 30/1
Сейфуллина, 1
Жибек жолы, 134, 1 этаж
Муратбаева, 71/1
Нурсултана Назарбаева проспект, 45, цокольный этаж
Тогайбека Ташмуханбетова, 59
Канагат, 34/1
Аймаутова, 143/1, 1 этаж
Аймаутова, 143/1, 1 этаж
Кабанбай батыра проспект, 18, 1 этаж
Кенесарина, 21/1, 1 этаж
Тайманулы, 1г/3
Нурсат микрорайон, 155, 1 этаж
Север микрорайон, 63, 1 этаж
Еламан, 1/1
Алга, 2/1
Кок сай 3 микрорайон, 307, 1 этаж
Север микрорайон, 24/2
Балкыбекова, 499
Гагарина, 32, 1 этаж
Арасан, 2/1
Косдиирмен, 33/1, 1 этаж
4-й микрорайон, 15а
Айша биби, 42/1
Северный жилмассив, 128/8
Володарского, 2/11, 1 этаж
Кошкар-ата, 1/1
Жандосова, 21а, 1 этаж
Восток микрорайон, 39, 1 этаж
Абдразакова, 7/5
Карасу микрорайон, 40, 1 этаж
Айбергенова проезд, 3, 1 этаж
Байтурсынова, 81, 0 этаж
Мамытова, 1/1
Изгилик, 4720
Жибек жолы, 87
Назармат Ерметова, 80/1
Акорда, 10/2, 1 этаж
Карасу микрорайон, 26/1, 1 этаж
Байзакова, 39
Акбастау, 22/1
Шокана Уалиханова, 202, 1 этаж
Жибек жолы, 17/2
Алпысбаева, 101/1, 1 этаж
Бакытты, 71/1, 1 этаж
Адырбекова, 4, 1 этаж
Сайрам микрорайон, 32, 1 этаж
17-й микрорайон, 17/1, 1 этаж
Бадамская, 1/4
Алматинская трасса, 25/1
Инкардария, 252
Полярная, 1/1
Домалак ана, 42
Мустафа Озтурука, 54/1
Новостройка, 4
Жансугурова, 81/1, 1 этаж
Кабанбай батыра проспект, 13а/1
Коктобе, 5/1
Алибекова, 85/1
Гагарина, 283
Отырар микрорайон, 40/2
Тауке Хана проспект, 65
Юсуфа Сареми, 11/14, 1 этаж
Куаныш Толеметова, 1/7
Баян батыра, 129/1
Володарского, 2а, 1 этаж
Акбаева, 225/1
Жолдасбекова, 53/1
Айдарлы, 3/1
Есенова, 1/4, 1 этаж
Искакова, 1/6
Амира Тимура, 154/2
Амирбекова, 88/1
Макталы, 17/1, 1 этаж
Алматинская трасса, 22/2
Отырар, 128/2
Жибек жолы, 56/1
16-й микрорайон, 8/1
Юсупова, 13/1
Гагарина, 135
Дауылова, 4, 1 этаж
17-й микрорайон, 11а/1
Балдырган, 30а/1
Жамалбека Шаймерденова, 249
Макталы, 58
Сарбаздар, 6а, 1 этаж
Турсынкул Утегенова, 1621, 1 этаж
18-й микрорайон, 19/1
Восток микрорайон, 31/6, 1 этаж
Мамытбека Сматлаева, 23
Алпамыс батыра, 2/3
Нурсат микрорайон, 163, 1 этаж
Адырбекова, 2Б
Байтурсынова, 76/1
17-й микрорайон, 19/1, 1 этаж
Карасу микрорайон, 22/1
Шаттык, 7/4
Асар микрорайон, 1473, 1 этаж
Нурсат 2 микрорайон, 15а, 1 этаж
Байдибек би проспект, 22а
Кайтпас 2 микрорайон, 249
Ташенова, 108/9, 1 этаж
Алпысбаева, 94
Алтын Гасыр, 37
Нурсат микрорайон, 89, 1 этаж
Алматинская трасса, 13/13
Тамерлановское шоссе, 24а/1
Бейбитшилик, 6/2, 1 этаж
Курылыс, 5/5
Жандарбекова, 137
Саттарханова, 35/1
8-й микрорайон, 17а, 1 этаж
Есенберлина, 13, 1 этаж
Мелдеходжаева, 52/1
Шугыла, 94
Толе би, 39а
Бозтоган, 1/3
Байтурсынова, 17/2, 1 этаж
18-й микрорайон, 10/1
Фазыл Куралбайулы, 49/2
Дулатова, 31/1
Желтоксан, 240, 2 этаж
Север микрорайон, 58/1
Жиделибайсын, 73, 1 этаж
Досмухамедова, 10/1, 1 этаж
Асар микрорайон, 1/7, 1 этаж
Тарбагатай, 5/1
Рыскулбекова, 5/5, 1 этаж
Азаттык, 4
Байтурсынова, 73
Карабура аулие, 2/2
Сурикова, 5, 1 этаж
Куаныш Толеметова, 69/10
Шокана Уалиханова, 1/1, 1 этаж
Сырым батыра, 167
Амангельды, 1/1
Жанкожа батыра, 36/1
Восток микрорайон, 89, 1 этаж
Карасу микрорайон, 58
Аль-Фараби, 168
192-й квартал, 359/18
18-й микрорайон, 18, 1 этаж
Аль-Фараби, 179/2
Кошерова, 6/2
Сыпырган ата, 22
Рыскулбекова, 1в, 1 этаж
Гагарина, 6
Жамалбека Шаймерденова, 5/1, 1 этаж
Айтеке би, 39а/3
Володарского, 17/1
Жибек жолы, 581/2
Юсуфа Сареми, 11/2
Кызылсу, 28
Бейбитшилик, 20, 1 этаж
Карасу микрорайон, 12
Туркестанская, 2/5, 1 этаж
Светофорный проезд, 8/1
Шокана Уалиханова, 219, 1 этаж
Толе би, 20в, 1 этаж
Рашидова, 55, 1 этаж
Абдыразакова, 10/1
Кунбатыс, 100
Юсуфа Сареми, 1/7
Каратюбинское шоссе, 69
Алдиярова, 66/1
Республики проспект, 25а
Шопена, 56
Тажибаева, 189
Шокана Уалиханова, 244
Восток микрорайон, 33, 1 этаж
Восток микрорайон, 42, 1 этаж
Алимбетова, 199, 1 этаж
Сайрамская, 165/1
Казиева, 152/7
Аймаутова, 23
Жамалова, 4/6
Асылбекова, 51/1
Байтурсынова, 6/1
Бабыра, 100
Дулати, 8, 1 этаж
Республики проспект, 43а
Мамыражай, 12/2
Отырар микрорайон, 10/1
Дулати, 97/1
Туркестанская, 2/5а
Суюнбая, 19/1
Шокана Уалиханова, 3а/1
Республики проспект, 2а/1
Тауке Хана проспект, 95/7
Шамши Калдаякова, 97
Дулати, 148/1, 1 этаж
Сайрамская, 163/3
Карасу микрорайон, 54, 1 этаж
Есенберлина, 13, 1 этаж
Сман Азимова, 146/1
Турсынбаева, 32а
Кошерова, 96/2
Жангельдина, 5а, 1 этаж
Торекулова, 258/1
Отырар микрорайон, 55/1
Муканова, 68/4
Север микрорайон, 67Б, 1 этаж
Каратас, 30
Жамбыл Жабаева, 159
Север микрорайон, 10
Акназар Хан, 51/1, 1 этаж
Шамши Калдаякова, 2, 1 этаж
Кремлёвская, 54
Есенова, 44
Аймаутова, 143/1, 1 этаж
Жангельдина, 14, 1 этаж
16-й микрорайон, 5, 1 этаж
16-й микрорайон, 2, 1 этаж
Шокана Уалиханова, 225а/2
Бектаева, 52
Кошерова, 2/2
Восток микрорайон, 17/1
Матросова, 3, 1 этаж
Молдабаева, 95/1
Кенесарина, 4, 1 этаж
Исмаилова, 17/1
Республики проспект, 17, 1 этаж
Республики проспект, 45, 1 этаж
Карасу микрорайон, 4а
Байырбек Садыкулы, 15/1
Акназар Хан, 46
Сырым батыра, 9а
Тайманулы, 2а/11
Адырбекова, 136, 1 этаж
Восток микрорайон, 32/1, 1 этаж
Байдибек би проспект, 20, 1 этаж
Тауке Хана проспект, 304, 1 этаж
Шардара, 4/7
Кабанбай батыра проспект, 2
Жангельдина, 22
Тамерлановское шоссе, 53Б/3
Еримбетова, 52/6
Карасу микрорайон, 23
Ардагера, 1/1
Бозтоган, 1/1
Восток микрорайон, 2/1
Абдыразакова, 4/1
Тамерлановское шоссе, 40, 1 этаж
Омешулы, 73
Тамерлановское шоссе, 1/2г
Алимбетова, 250
Алпысбаева, 84
Гагарина, 242
Жибек жолы, 32, 1 этаж
Тамерлановское шоссе, 12/5
Шамши Калдаякова, 8, 1 этаж
Алдиярова, 89/3
Рашидова, 25в/1
Нурымова, 69
15-й микрорайон, 2/1
Кабанбай батыра проспект, 12
Ибрагим ата, 176а/4, 1 этаж
Камбар батыра, 1/1
Восток микрорайон, 32, 1 этаж
Кожанова, 8/1, 1 этаж
Спортивный микрорайон, 23, 1 этаж
Гагарина, 26, 1 этаж
Восток микрорайон, 15
Туркестан, 57
Север микрорайон, 11, 1 этаж
Терешковой, 25/5
Шмидта, 9, 1 этаж
Капал батыра, 74Б
Жансугурова, 40/2
Аль-Фараби, 47/1
Жылкышиева, 17/1, 1 этаж
Изгилик, 2
Жибек жолы, 78/5
Республики проспект, 38/1
Восток микрорайон, 42/1
Адильбек Керимше, 53
Махмудова, 21
18-й микрорайон, 8, 1 этаж
Отырар микрорайон, 60
Байтурсынова, 179/1, 1 этаж
Нурсат микрорайон, 93, 1 этаж
Нурсултана Назарбаева проспект, 51, 0 этаж
Бауыржан Момышулы проспект, 21, 1 этаж
Акпан батыра, 90/1
Жас казах, 10
Кошерова, 80/2, 1 этаж
Аль-Фараби, 164
Алматинская трасса, 12/5
Амира Тимура, 76
Айтеке би, 45
Жумабекова, 91
Шмидта, 12, 1 этаж
Север микрорайон, 55/1
Кабанбай батыра проспект, 11Б, 1 этаж
Дулатова, 98
Алии Молдагуловой, 4а/1, 1 этаж
Рыскулова, 5а/2
Казыбек Би, 133
Адильбек Керимше, 25/1
Нурлыбаева, 11/1
Жылкышиева, 200
Жибек жолы, 101/6
Гагарина, 107а, 1 этаж
Шокана Уалиханова, 243, 1 этаж
Шокана Уалиханова, 192/1
Аксуат, 2/1
Байтурсынова, 27
Гагарина, 49/2
Карасу микрорайон, 21
Капал батыра, 80/2
Астана микрорайон, 94, 0 этаж
Север микрорайон, 36/3, 1 этаж
Атасу, 7/1, 1 этаж
Саттарханова, 94/1
16-й микрорайон, 39, 1 этаж
Коктем, 147
Байтерекова, 118, 1 этаж
Спортивный микрорайон, 6/1, 1 этаж
16-й микрорайон, 3
Карасу микрорайон, 69/1
17-й микрорайон, 11а/1
18-й микрорайон, 8
Бостан Алимбекова, 37
Тангышык, 12
Ергеш ата Исраилова, 139/2
Куаныш Толеметова, 1/3
Тасбулак, 1/2
Орынбай акына, 97, 1 этаж
Бабыра, 13
Толе би, 20/10
Аймаутова, 143/1, 1 этаж
Нурсат 2 микрорайон, 23в, 1 этаж
Уста-Махамата, 1/2, 1 этаж
Аскарова, 9, 1 этаж
Айшыкты, 10/1
Алматинская трасса, 9/19
Казиева, 121/1, 1 этаж
Республики проспект, 25в/2
Торекулова, 190/1
Нурсат микрорайон, 200/2
Тамерлановское шоссе, 1а/3
Кожанова, 73/1
Достык микрорайон, 2/6
Шардара, 60
4-я, 5/2
Момышулы, 3/4
Алматинская трасса, 2/5
Бауыржан Момышулы проспект, 19/1 киоск
Байтурсынова, 165
Сары жайлау, 109/1
Майлы Кожа, 13/4, 1 этаж
Отырар микрорайон, 42
18-й микрорайон, 51, 1 этаж
Жиделибайсын, 80/6
Куртаева, 8/5
Куртаева, 45/4
Есенова, 3/1
Абдыразакова, 10/2, 1 этаж
Аймаутова, 29/1
Ташенова, 120
Халменова, 33/1
Саяхат, 1063/1
Кошкарбаева, 2390
Тауке Хана, 229/2, 1 этаж
16-й микрорайон, 17, 1 этаж
Восток микрорайон, 116/2
Абая проспект, 20, 1 этаж
Шокана Уалиханова, 8/1, 1 этаж
Рыскулова, 554
Акпан батыра, 51
Байтерекова, 133/1
Нурсат микрорайон, 81, 1 этаж
Нурсат микрорайон, 198/4, 1 этаж
Бектаева, 14/2
Сыпырган ата, 1Б, 1 этаж
Володарского, 8/1
Капал батыра, 53
Жансугурова, 2/1
Нурсултана Назарбаева проспект, 35, цокольный этаж
Айшуак, 2/1
Алдиярова, 32, 1 этаж
18-й микрорайон, 2/1
Елшибек батыра, 112
Нурсултана Назарбаева проспект, 40, цокольный этаж
Галымдар, 2/1
Нуртас, 2/5
15-й микрорайон, 1, 1 этаж
Дулати, 196а, 1 этаж
16-й микрорайон, 20, 1 этаж
Саттарханова, 9
Спортивный микрорайон, 6/3
Астана микрорайон, 89, 0 этаж
Казыбек Би, 11/2
Гулдала, 137
Акберен, 43/1
Толебаева, 2/2
Акназар Хан, 60/1, 1 этаж
Шокана Уалиханова, 6, 1 этаж
Бейсембаева, 18
15-й микрорайон, 3, 1 этаж
Жангакты, 86/1
Туркестан, 37/1
Жулдыз, 85
Майлы кожа, 15
Сейдахан Садыкулова, 29/1
Мангельдина, 33, 1 этаж
Тамшыбулак, 1/1
Нуртас, 1
16-й микрорайон, 40, 1 этаж
Ерманова, 21, 1 этаж
Курнатовского, 23/1
Спатаева, 13/3
Ибрагим ата, 113/28
Нурсат микрорайон, 127/1, 1 этаж
Алии Молдагуловой, 15а, 1 этаж
Асар микрорайон, 1/3
16-й микрорайон, 15, 1 этаж
Быковского, 7, 1 этаж
Аккараган, 1/1
Мангельдина, 36, 1 этаж
8-й микрорайон, 54/2
18-й микрорайон, 3/1
Нурлы, 32/1
Мамина-Сибиряка, 16/1
Акпан батыра, 81
Байтурсынова, 73/2
Республики проспект, 20, 1 этаж
Жандосова, 33/1
Сайрамская, 12
Жиделибайсын, 103, 1 этаж
Лескова, 34/1
Тауке Хана проспект, 49, 1 этаж
Атамекен, 2/1
Желтоксан, 14/1
17-й микрорайон, 3, 1 этаж
Тамерлановское шоссе, 148/1, 1 этаж
Тарбагатай, 1
Ергеш ата Исраилова, 2, 1 этаж
Наурыз, 133
Аманкулова, 55, 1 этаж
Нурсат микрорайон, 164/1, 1 этаж
Колбаева, 9
Восток микрорайон, 114
Капал батыра, 98/10
Алматинская трасса, 9/3
Акпейил, 2/8, 1 этаж
Аль-Фараби, 264/2
8-й микрорайон, 60/1
Дулати, 205, 1 этаж
Навои, 7
Юсуфа Сареми, 6/4, 1 этаж
Баян ауыл, 88
Кутузова, 33а/1
Анарова, 68/2
Бес Агаш, 1а
Карасу микрорайон, 14/1
Курылыс, 8а
Алимбетова, 62/1, 1 этаж
193-й квартал, 2092
Турсынбаева, 41
Жибек жолы, 4/7
17-й микрорайон, 2, 1 этаж
Сыпырган ата, 128
Акжелкен, 28/1
Аманкулова, 60
Момышулы, 1648
Абая проспект, 12а/1, 1 этаж
Киикжар, 3/1
Шокана Уалиханова, 233/1
Абдраймова, 29/1
Кунаева, 61
Ергеш ата Исраилова, 9/1, 1 этаж
4-й микрорайон, 14, 1 этаж
Спортивный микрорайон, 2/1
Аль-Фараби, 124
Спатаева, 112
Жас казах, 116/1
Асанова, 149
Актерек, 7/3
Кошерова, 8/5, 1 этаж
Терешковой, 15а/3, 1 этаж
Карасу микрорайон, 1, 1 этаж
Шолохова, 184
Тамерлановское шоссе, 30, 1 этаж
Торекулова, 202
Аязби, 40/3
Амира Тимура, 263/1, 1 этаж
Клары Цеткин, 40
Сайрамская, 45Б/1
16-й микрорайон, 40, 1 этаж
Онтаева, 2а/1
Жибек жолы, 1/1
Республики проспект, 25а, 1 этаж
Косдиирмен, 61/1
Акорда, 10/1
Шокана Уалиханова, 213а/1
Гозахан, 92
Бозжусан, 54/1
Ибрагим ата, 196/1, 1 этаж
Аль-Фараби, 121/1
17-й микрорайон, 4а, 1 этаж
Асар микрорайон, 5/1
Арайлытан, 2/5
Есенова, 2/5
Тамерлановское шоссе, 90/4, 1 этаж
Коктем, 39/1
Гагарина, 153, 1 этаж
Нурсат микрорайон, 140а, 1 этаж
Бауыржан Момышулы проспект, 122
Амира Тимура, 59/1
Бабашулы, 88/2
8-й микрорайон, 17а, 1 этаж
Нурсат микрорайон, 197, 1 этаж
Сырым батыра, 2
Жибек жолы, 2
Тамерлановское шоссе, 2/1, 1 этаж
Дулати, 189
Иргелес, 161/1
Курмангазы, 133/1
Турысова, 47, 1 этаж
Куртаева, 7/8
Тажибаева, 104а, 1 этаж
Спортивный микрорайон, 23, 1 этаж
Калинина, 23/1
Наурыз проезд, 34
Север микрорайон, 49, 1 этаж
Шорахмат ата Шохайдарова, 89/2
Байдибек би, 158/1
Шокана Уалиханова, 241, 1 этаж
Турысова, 47
Медеу, 90/1
Торекулова, 218/1
Капал батыра, 112/2
Карасу микрорайон, 110/1
Алии Молдагуловой, 9/3
Жангельдина, 26/2
Алтын адам, 7/1
Кошурникова, 253/1, 1 этаж
Шамши Калдаякова, 19, 1 этаж
Саяхат, 615/3
Асар 2 микрорайон, 5/8
Кок сай 2 микрорайон, 9а, 1 этаж
Нурсат микрорайон, 155, 1 этаж
Новостройка, 2
Жибек жолы, 104/2
Сырым батыра, 58/1
Тажибай ата, 10/1
Актилек, 2
Айбергенова, 1а, 1 этаж
Тауке Хана проспект, 104, 1 этаж
Кабанбай батыра проспект, 3, 1 этаж
Бейбитшилик, 22, 1 этаж
Айбергенова, 5/7
Акниет, 20
Дауренбека Курманбекова, 90/1
Мухаметкула Исламкулова, 48
Майлы кожа, 21/1
Акпан батыра, 159
Казанкап акына, 2/1а
Карасу микрорайон, 85/1, 1 этаж
Шамши Калдаякова, 135/1
Терекзор, 1/1
Тауке Хана проспект, 258
Кунбатыс, 52
Нурсат микрорайон, 94, 1 этаж
Акжелкен, 1
Музтау, 1423
Тамерлановское шоссе, 19/25
Туркестанская, 2/1, 1 этаж
Володарского, 7
Бабашулы, 12/3
Теренозек, 1/2
Жаркымбекова, 20, 1 этаж
Сыпырган ата, 28/7, 1 этаж
Рыскулбекова, 5/4
Восток микрорайон, 31/5
Жибек жолы, 93, 1 этаж
Сейдахан Садыкулова, 30
Толе би, 12а, 1 этаж
Бостан Алимбекова, 18
Махмудова, 1/4
Жастык, 17/2
Ашурходжаева, 23
Ташпулатова, 20
Жандарбекова, 27а
Тилеулес, 2/1
Жангельдина, 15/9
Алматинская трасса, 10/1
Орманова, 20/1
Казиева, 109/5
Толе би, 9/11, 1 этаж
Капал батыра, 20/1
Бексеита Тулкиева, 34
Аргынбекова, 108/1
Жумабекова, 8/1
Гагарина, 34/1
Тайманулы, 1/1
Бозтоган, 2/2
Алдиярова, 12, 1 этаж
Бауыржан Момышулы проспект, 25/3
Айбергенова, 1а/1
Бауыржан Момышулы проспект, 9/1
Беткей, 9а
Мадели Кожа, 113
Жамалбека Шаймерденова, 294/1
Азербаева, 35/1
Солтустик саяжай, 263
Сункар, 1
Кошурникова, 56
Байтурсынова, 76/4
Когалы, 67
Озекти, 8/5
Юсупова, 130/1
Гулдала, 32
Казак Ордасы, 10
Камбарулы, 1/1
Байдибек би проспект, 130/9
Тайманулы, 40
Кайып ата, 1/1
Сайрамская, 235/10
4-я, 12
Дастан, 1/2
Майкудык, 12
Бозарык микрорайон, 26
Казак Ордасы, 1/8
Камбара Молдабекулы, 1
Изгилик, 2/5
Изгилик, 2/6
Солтустик саяжай, 346
Ленина, 4/1
Иле, 10
Кызылкол, 659/1
Есенова, 1/3
Жибек жолы, 9/5
Гагарина, 26а
Мадели Кожа, 1г, 1 этаж
Сайрам микрорайон, 8/4, 1 этаж
Камбарулы, 20/1
Кайып ата, 1/2
Кенесарина, 10
Атаконыс, 1/8
Алтынбастау, 10
Республики проспект, 46а, 1 этаж
Рыскулова, 359/13
Рыскулова, 2/4
Анарова, 3/2
Рыскулова, 162
Кокжиек, 2/1
Оразбаева, 102/1
Алимбетова, 2, 1 этаж
Жибек жолы, 26/6
Козы Корпеш, 10/2
Байдибек би проспект, 124
Рыскулова, 10/15
Рыскулова, 10/16
Келмен Маханулы, 1/1
Тугейболат, 32/1
7-я улица, 1
Фуркат, 26/1
Садыкова, 2/1
Шадабат, 1
Бабашулы, 88/1

Леонова, 18
Жибек жолы, 228/2
Жубанова, 1
Жибек жолы, 18/3
Мухаметкула Исламкулова, 53/1
Желтоксан, 32, 1 этаж
Аманжолова, 21/1
Новостройка, 6
Аль-Фараби, 94/5
16-й микрорайон, 24, 1 этаж
Данова, 11, 1 этаж
Назарбекова, 208/2, 0 этаж
Рыскулова, 58/15
Аскарова, 30/1
Тауке Хана, 97/1
Шокана Уалиханова, 221а, 1 этаж
Абдикадиров Уали ата, 1/4
Амангельды, 9/1
Рашидова, 14а/2, 1 этаж
Курмангазы, 5, 1 этаж
Восток микрорайон, 109
Тамерлановское шоссе, 22/15
Мангельдина, 34, 1 этаж
Капал батыра, 98/1
Гагарина, 14/1
Торекулова, 54
Рахимова, 50а
Ибрагим ата, 93
Сыпырган ата, 122/1
Уркимбаева, 14/1
Восток микрорайон, 21, 1 этаж
Исмаилова, 125, 1 этаж
Алии Молдагуловой, 12, 1 этаж
Промышленная, 1/7
Рыскулова, 359/6, 1 этаж, 9 бутик
Солтустик саяжай, 262
Майтобе, 1
Шокана Уалиханова, 192
Жастык, 2/3, 1 этаж
Дауренбека Курманбекова, 10/2
Аль-Фараби, 57
Толебаева, 90
Бершинтобе, 37/1
Жасталап, 119
Тауке Хана проспект, 296
Юлдашева, 7/1
Бауыржан Момышулы проспект, 60
Медеу, 1
Казиева, 109/4
Восток микрорайон, 3/1
Турсынбаева, 32
Тауке Хана, 229
Алибекова, 18
Бекболатова, 91
Восток микрорайон, 44, 1 этаж
Шардара, 19
Ибрагим ата, 100
Диваева, 6/7, 1 этаж
Байтурсынова, 24Б
Тыныбаева, 3, 1 этаж
18-й микрорайон, 4
Куаныш Толеметова, 69/41, 1 этаж
Желтоксан, 80
Жамалова, 4/2
Кабанбай батыра проспект, 13, 1 этаж
Амира Тимура, 128/1, 1 этаж
Быковского, 7/1, 1 этаж
Нурсултана Назарбаева проспект, 34, 0 этаж
Жибек жолы, 86/5, 1 этаж
Музтау, 2/2
Шамши Калдаякова, 17, 1 этаж
Алибекова, 82/2, 1 этаж
18-й микрорайон, 14, 1 этаж
Казына, 1/1
Алимкулова, 38, 1 этаж
Мустафа Озтурука, 164
18-й микрорайон, 23, 1 этаж
Аргынбекова, 133/10
Север микрорайон, 41, 1 этаж
Аскарова, 34
Жандарбекова, 78/1
Айбергенова, 1Б
Шардара, 1/4
Аргынбекова, 27а, 1 этаж
Нуртас, 2/3
Володарского, 1/6
Болашак, 63/1
8-й микрорайон, 7а, 1 этаж
Койкелди Батыра, 85, 1 этаж
1 Мая, 8, 1 этаж
Каламбаева, 88
Диваева, 10/3
Театральная, 35, 1 этаж
Аскарова, 39, 1 этаж
Айбергенова, 4, 1 этаж
Айбергенова, 7, 1 этаж
Ушжурт, 1/1
Шаназарова, 4/1
Гагарина, 13/14, 1 этаж
Капал батыра, 90а
Рыскулова, 359/12, 1 этаж
Шмидта, 9а
Юсуфа Сареми, 46/1, 1 этаж
Жибек жолы, 231
Диваева, 10/2
Алимбетова, 45в, 1 этаж
Мадениет, 14/1
18-й микрорайон, 8, 1 этаж
Жанабазар, 1
Пахтакор, 18/26, 1 этаж
Пахтакор, 18/7
Кремлёвская, 38/2
Нурсултана Назарбаева проспект, 51, 0 этаж
Ахметова, 437
Толебаева, 46/1
Жиделибайсын, 92/2, 1 этаж
Жиделибайсын, 47/1
Сатыбалдиева, 30/2, 1 этаж
Нурсат микрорайон, 12, 1 этаж
Казиева, 58/2, 1 этаж
Аймаутова, 143/1, 1 этаж
Мирас, 1/1, 1 этаж
Жастык, 17/1
Озекти, 52
Республики проспект, 5, 1 этаж
Нурпеисова, 6а
16-й микрорайон, 31, 1 этаж
Карасу микрорайон, 57, 1 этаж
Аль-Фараби, 84/1
Рыскулова, 359/4
Амира Тимура, 70/1
Куаныш Толеметова, 1/1
Инкардария, 14/3
Махмуджона переулок, 12/1
Казанкап акына, 47/1
Гагарина, 137, 1 этаж
Кабанбай батыра проспект, 4/1, 1 этаж
Желтоксан, 291
Искра, 59
Казиева, 1/1
Бокейханова, 10/4
Отырар микрорайон, 59, 1 этаж
Хабира Пазикова, 108а
15-й микрорайон, 4, 1 этаж
Салтанатты, 21/1
Восток микрорайон, 45
4-й микрорайон, 9/2
Бозтоган, 1/2
Нурсат микрорайон, 126, 1 этаж
Тамерлановское шоссе, 26/1
Нурсултана Назарбаева проспект, 33, цокольный этаж
Айшыкты, 16/1
Досмухамедова, 1/2
Гагарина, 145/2
Саяхат, 1/1
Жасталап, 174
Восток микрорайон, 113/1
Макталы, 96
Есенова, 1/5
Сасбукаева, 113
Назарбекова, 90, 1 этаж
Гулдала, 875
Республики проспект, 37, 1 этаж
Байтурсынова, 75в/1
Туркестан, 67/2
Новостройка, 1/1
Акбота, 812а
Мангельдина, 39/3
Торекулова, 21/1, 1 этаж
8-й микрорайон, 16, 1 этаж
Дауренбека Курманбекова, 35/3
Рашидова, 17, 1 этаж
Алибекова, 84а
Сарбаздар, 12/1, 1 этаж
Мусы Джалиля, 4/2
Нурлыбаева, 22/3
Асар 2 микрорайон, 5/7
Тиллаходжаева 1-я, 9/1
Шамши Калдаякова, 123/3
Арасан, 45/2
Алтын Бесик, 10/2
Лескова, 104
Павлова, 2а, 1 этаж
Сатыбалдиева, 117, 1 этаж
Восток микрорайон, 1
Айбек, 23
Момынова, 7
Капал батыра, 74/2
Абдраимова, 1
Елшибек батыра, 87, 1 этаж
18-й микрорайон, 24, 1 этаж
Республики проспект, 15а, 1 этаж
Саулетши, 92/1
Шокана Уалиханова, 192в/1
Темирлан, 1
Театральная, 24, 1 этаж
Абдыразакова, 10/1
Егемен ел, 33/2
Нурсат микрорайон, 197, цокольный этаж
Алпамыс батыра, 3012
Балтабай Нурлыбекова, 63/2, 1 этаж
Актасты, 1/1
Жылкышиева, 40, 1 этаж
Хорасан баба 2-й тупик, 1, 1 этаж
Камысты, 68/1
Жолдасбекова, 62а
Аманкулова, 59, 1 этаж
Тамерлановское шоссе, 30, 1 этаж
Алимбетова, 189/1
Киикжар, 10
Бекет Батыра, 89
Жибек жолы, 58/1
8 Марта, 41Б
Отырар микрорайон, 56, 1 этаж
Гагарина, 20/1, 1 этаж
Атасу, 57
Азаттык, 485, 1 этаж
Павлова, 4, 1 этаж
Сагынбаева, 171а, 1 этаж
Карасу микрорайон, 27, 1 этаж
Сырым батыра, 10
Алии Молдагуловой, 7
Изгилик, 2/1
1 Мая, 27, 1 этаж
Алматинская трасса, 25а/3
Кажи Алмахан, 45
Бозарык микрорайон, 308
Карасу микрорайон, 22
Коктем, 4
Верещагина, 73а
16-й микрорайон, 15, 1 этаж
Сарыозек, 603/4, 1 этаж
Север микрорайон, 32/5, 1 этаж
Акпан батыра, 4, 1 этаж
Сыздыкова, 38/1
Аймаутова, 119
Куаныш Толеметова, 1/2
Республики проспект, 25
Есенова, 1/6
Отырар микрорайон, 38/1
Капал батыра, 115/1
Кошерова, 43/1
Туркестан, 2/2
Нурсултана Назарбаева проспект, 45/1
Сырым батыра, 2/7
Восток микрорайон, 31/4, 1 этаж
Ерманова, 8, 1 этаж
Нурсат 2 микрорайон, 1, 1 этаж
Нурсат микрорайон, 31, 1 этаж
Нурсултана Назарбаева проспект, 41, цокольный этаж
Жастар, 48/1
Аксауыт, 45/2
Бексеита Тулкиева, 1/1
Куаныш Толеметова, 336
Толе би, 33, 1 этаж
16-й микрорайон, 42а/1
Жибек жолы, 43, 1 этаж
Жибек жолы, 90/1, 1 этаж
Амира Тимура, 237/23
Гагарина, 206/1
Бадамская, 5/7
Новостройка, 1
Турсынкул Утегенова, 603/4, 1 этаж
16-й микрорайон, 41
Кошерова, 56/1
Мангельдина, 34, 1 этаж
Тауке Хана проспект, 2/8
Карабастау, 32/2
Акпан батыра, 13, 1 этаж
Алибекова, 157/1
Аргынбекова, 1/7
Сайрамская, 1/1, 1 этаж
Желтоксан, 336/1
Гагарина, 137, 1 этаж
Ибрагим ата, 3/1
Алматинская трасса, 14/4, 1 этаж
Ерназарова, 36/1
Бабыра, 90
Шокана Уалиханова, 225
Бирлик, 5/5
3-й микрорайон, 3, 1 этаж
3-й микрорайон, 6, 1 этаж
Сыдык Нурашбекова, 33/1
Мамытбека Сматлаева, 12
Ибрагим ата, 78а/1
Шокана Уалиханова, 1/1, 1 этаж
Отырар микрорайон, 52/2
Акберен, 108/1
Казыбек Би, 200/2а, 1 этаж
Нурлыбаева, 22/2
Бадамская, 10/1
Хайруллина, 6
Сиргели, 14
Карасу микрорайон, 45, 1 этаж
Толстого, 99, 1 этаж
Володарского, 21, 1 этаж
Акпан батыра, 107, 1 этаж
Жангельдина, 12/7
Рыскулова, 58/2
Бабыра, 98
Рыскулова, 1034/5
Талдыколь, 130/1
Момышулы, 2/1
Кекилова Жакиябека, 12
2-я улица, 1/1
Аскарова, 22/2, 1 этаж
Жангельдина, 15/9
Тайманулы, 2а/2, 1 этаж
Нурсат микрорайон, 7/1, 2 этаж, 279 бутик
Гагарина, 9а, 1 этаж
Атаконыс, 1/8
Онтустик, 320а, 1 этаж
Рыскулова, 359/6, 1 этаж, 7 бутик
Абдыразакова, 10/1
Рашидова, 14а/2, 1 этаж
Жибек жолы, 20а, 1 этаж
Жибек жолы, 137/1
Туркестан, 67
Амира Тимура, 237/19, 1 этаж
Капал батыра, 6/7
Анарова, 3/1
Анарова, 3/2
Тамерлановское шоссе, 22/19, 15 ряд, 46 место
Жибек жолы, 56/5
Шокана Уалиханова, 159
Тауке Хана, 8
Алимбетова, 45а/1
Казправды, 8, 1 этаж
Аскарова, 22/1
Азим, 164, 1 этаж
Красина переулок, 14/1, 1 этаж
Восток микрорайон, 12а
Жамбыла, 1
Маншук Маметовой, 127
Кисык, 27
Байтерекова, 171/2
Восток микрорайон, 34/1
Сырым батыра, 2/1
Казиева, 104/4
Жибек жолы, 91/1
Володарского, 1/9
Алимкулова, 2/1, 1 этаж
Сурикова, 4/1
Сасбукаева, 109/1
Дулати, 200а, 1 этаж
Дулати, 191
Нурсат 2 микрорайон, 18/1
Желтоксан, 1/1, 1 этаж
Табынбаева, 50/1
Жангельдина, 45
Жана жол, 6
Диваева, 30
Тамерлановское шоссе, 40/1
Диваева, 20 киоск
Тайманулы, 7/2
Туркестанская, 264/1
Туркестан, 40
Аргынбекова, 465/1
Тореза, 8
Гулдала, 33
Республики проспект, 37/1
Шиели, 3, 1 этаж
Казиева, 57/1
Махамбет, 1
Алдиярова, 18/2, 1 этаж
Кок сай 1 микрорайон, 382, 1 этаж
Казыбек Би, 192/1
Дулатова, 71
Капал батыра, 15/1
Шыршыкбай, 1
Шойынбаевой, 1/1
Ынтымак, 45/3
Каркара, 49/1
Жандосова, 73/1
Жусанды, 26/1
Даулеткерей, 30
Айшыкты, 16/2
Капал батыра, 74
Куаныш Толеметова, 69/10, 1 этаж
Казак Ордасы, 10/1
Байдибек би проспект, 15/15
Жиделибайсын, 22
Капал батыра, 80/1
Туран, 26/1
Байтурсынова, 57
Тауке Хана, 40/2
Мадели Кожа, 24
Айбергенова проезд, 8/2
Жиделибайсын, 18
Рамзан-Ата, 10
Сулейменова, 4/1
Октябрьская, 77/2
Народовольцев, 31/1
Павлова, 12а
Саттарханова, 30/3
Джалиля, 52
Теспе, 34
Алга, 16
Чайковского, 85
Абая, 11
Курылыс, 47/1
Колбаева, 25
Жанбосынова, 20/1
Сеченова, 32
Ондасынова, 53
Амангельды, 45/1
Кажи Алмахан 1-й переулок, 1/1
Косдиирмен, 1/1
Момышулы, 1/3
Сайрамская, 156
Жана жол, 54/1, 1 этаж
Комекбаева, 37/1
Акбаева, 25, 1 этаж
Камытбек Мамешов, 62
Амангельды, 104/2
Бейбитшилик, 4
Мукумий, 30/1
Озекти, 16/1, 1 этаж
Наурыз, 186
Гагарина, 56а
Капал батыра, 104
Туран, 10/1
Республики проспект, 46а, 1 этаж
Нурлыбаева, 684
Исмаилова, 11а
Нурлыбаева, 14/2
Бадамская 1-я, 1
Колбаева, 28
Зердели, 1а/3
Кенесарина, 1/2
Бекзат Саттарханова, 20
Отырар, 33/1
Кентаева, 1/1
Жетысай, 10
Восток микрорайон, 113/2
Бекболатова, 1/1
Токбайге, 72/1
Баулык, 2133
Пайзахметова, 29
Жиделибайсын, 92, 1 этаж
Тамерлановское шоссе, 202/5
Аркалык, 37/1
Ашира Едилбаева, 2/4
Асар микрорайон, 8/4
Шардара, 1/9
Тасбулак, 59/2
Нуртас, 2
Искакова, 5/3
Ибрагим ата, 227, 1 этаж
Булбул, 5/9
Галицына, 15/1
Музтау, 2/5
2-я улица, 160/4
2-я улица, 16/05
Каган, 15
Балкыбекова, 1/5
Бекмаханова, 2
Манкент, 31/1
Жибек жолы, 18/4
Ак Алтын, 2/10
Бейбитшилик, 8Б, 1 этаж
Бауыржан Момышулы проспект, 13, 1 этаж
Клары Цеткин, 93/1
Байдибек би проспект, 20/5
Амур ага, 52/1
Жиделибайсын, 92, 1 этаж
Капал батыра, 119
Мейримди, 133, 1 этаж
Жана жол, 34/1
Гулдала, 6/2
Аскар Тау, 2/1
Бершинтобе, 99/2
Жасталап, 28/1
Жастар, 125/1
Момынова, 1/7
Кулжабай Толеуова, 30
Амангельды, 95/1
Шардара, 4/2
Алибекова, 157
Тайбекова, 106/1
Мухаметкула Исламкулова, 97/1
Момынова, 1/3
Сайрамское шоссе, 3, 1 этаж
Амира Тимура, 225
Туркестан, 79/1
Мамак Сыздыкулы, 31
Кызылкол, 5/1
Омарташы, 2Б/1
Асар микрорайон, 905/1
Бирлик, 2/1
Шалкаркол, 35/1
Алматинская трасса, 138/15
Серикбаева, 10
Асар 2 микрорайон, 5/6
Абдраймова, 11
Амира Тимура, 327/1
Жибек жолы, 9/7
Гозахан, 43а/1
Абдраймова, 2/7
Тамерлановское шоссе, 14/8
Гулдер, 2
Байдибек би проспект, 13
Мамадаева, 55
Амира Тимура, 237/19
Айбар, 23/1
Жуманова, 22/1
Жибек жолы, 179/2
Гагарина, 24а
Жандосова, 73, 1 этаж, 102 кабинет
Жиделибайсын, 68, 1 этаж
Алдиярова, 87, 1 этаж
Алдиярова, 2, 1 этаж
18-й микрорайон, 4/3
Абая проспект, 26, 1 этаж
Восток микрорайон, 63, 1 этаж
Тамерлановское шоссе, 22/18
Бостан Алимбекова, 37
Кабанбай батыра проспект, 5
Торекулова, 216а, 1 этаж
Гагарина, 107, 1 этаж
Дулати, 62
Кабанбай батыра проспект, 6, 1 этаж
Манасова, 8/1
Толе би, 12а, 1 этаж
Алтынсарина, 5
Толе би, 32а/2
Азаттык, 4
Жиделибайсын, 50
Каратюбинское шоссе, 36
Абдыразакова, 10, 1 этаж
Терешковой, 48, 1 этаж
Дулати, 200/2
Сарыозек, 603/4
Жибек жолы, 97/1
Уржар, 8/1
Жибек жолы, 93
Момышулы, 1/6
Турсынбаева, 30/1
Аль-Фараби, 21/1
Алпамыс батыра, 1/2
Болсынай Даулбаева, 1/1
Сайрамская, 82, 1 этаж
Сыздыкова, 1/4
Талтус, 4
Павлова, 21а
Ермекова, 20/1
Сураншы батыра, 24/1
Оркендеу, 22/1
Акжауын, 42/1
Чайковского, 85/2
Туркестанская, 85, 1 этаж
Майлы Кожа, 1, 1 этаж
ПМК-21, 15/1
Султанова, 37/1
Курылыс, 1/1
Гагарина, 244/3
Жубанова, 90/1
Камытбек Мамешов, 77/77
Бозтоган, 2/1
Камбарулы, 36/1
Шардара, 19/2
Ленина, 7а, 1 этаж
Бершинтобе, 99
Ахметова, 22/1, 1 этаж
Майлы Кожа, 63
Ташенова, 77
Рашидова, 14а/8, 1 этаж
Жанкожа батыра, 70
Тойганбаева, 7/1, 1 этаж
Юсупова, 40
Рыскулова, 141/8
Байдукова, 63/2
Сеченова, 23
Кенесарина, 10/1
15-й микрорайон, 7, 1 этаж
Алдиярова, 2/4
Нуртас, 12
Бейбитшилик, 12
Наурыз, 33/1
Республики проспект, 17
Нурсат микрорайон, 135а, 0 этаж
Аргынбекова, 7/1а
Тамерлановское шоссе, 46/6Б
Республики проспект, 46а, 1 этаж
Республики проспект, 46а, 1 этаж
Павлова, 21а
Республики проспект, 46а, 1 этаж
Республики проспект, 46а, 1 этаж
Рыскулова, 359/13
Рыскулова, 26/2
Тамерлановское шоссе, 22/7
Тамерлановское шоссе, 129, 1 этаж
Жиделибайсын, 92, 1 этаж
Республики проспект, 46а, 1 этаж
Республики проспект, 46а, 1 этаж
Токбайге, 44
Алимкулова, 5, 1 этаж
Байтурсынова, 5/6, 1 этаж
Рашидова, 34/5
Рашидова, 14а/2, 1 этаж
Жибек жолы, 39/4
Жиделибайсын, 80/6
Жиделибайсын, 33/3
Кос-Диермен, 1/2
18-й микрорайон, 4/2
Жиделибайсын, 72
Тамерлановское шоссе, 202, 1 этаж
Восток микрорайон, 18/1
Адырбекова, 2/2, 1 этаж
Толе би, 9/12
Турсынбаева, 30/4
Алматинская трасса, 6/12
Бес Агаш, 27/1
18-й микрорайон, 54
Байтурсынова, 5/6, 1 этаж
Салавата Юлаева, 40/1
Нурсат микрорайон, 135в, 1 этаж
Восток микрорайон, 31/7, 1 этаж
Шымсити, 1375
Козы Корпеш, 10/1
Естемес би, 10
Ибрагим ата, 293а, 1 этаж
Инкардария, 18
Алматинская трасса, 5/6
Есенова, 5/5
Байдибек би проспект, 130/7
Тореза, 6Б
Шмидта, 9
Сатыбалдиева, 17/4
Есенова, 29
Бекмаханова, 40
2-я улица, 1835
Бекмаханова, 3
Керимбая Отебаева, 1
Керимбая Отебаева, 1/3
Улугбека, 79/1
5-я  улица, 1
Актам, 26/1, 1 этаж
Амира Тимура, 297/1, 1 этаж
Сайрамская, 45д/5
Абая, 32/2, 1 этаж
Жибек жолы, 9/6
Жантаева, 93
Ак Алтын, 4/2
Жантаева, 31/1
Фуркат 6-й проезд, 16/1
Ергеш ата Исраилова, 97/1
Амира Тимура, 237/13, 1 этаж
Амира Тимура, 237/15
Тастан, 4/1
Ибрагим ата, 113/46
Юсуфа Сареми, 50/3, 1 этаж
Юсуфа Сареми, 56/1
Юсуфа Сареми, 110
Юсуфа Сареми, 1/3
Ибрагим ата, 93/1
Менделеева, 19
Юсуфа Сареми, 1/19
Юсуфа Сареми, 37/1
Юсуфа Сареми, 27/3, 1 этаж
Ергеш ата Исраилова, 29/4
Ергеш ата Исраилова, 29/1
Юсуфа Сареми, 112/3
Сатыбалдиева, 30/3
Дружбы, 18/2
Сатыбалдиева, 30/1
Амира Тимура, 121
Ибрагим ата, 20а, 1 этаж
Искандар, 37/1
Бейсенбиева, 12
Туркестан, 55а
Амангельды, 107а/1
Отырар микрорайон, 12/1
Клары Цеткин, 126а
Сеченова, 16
Кабанбай батыра проспект, 9/1
Тауасарова, 21/1
Гагарина, 38/1
Коктем, 54
Каламбаева, 56
Хамза, 1
Байтурсынова, 7/2
Кабанбай батыра проспект, 5, 1 этаж
4-й микрорайон, 17а/2, 1 этаж
Кеме калган, 1/4, 1 этаж
Шардара, 19/1
Никитина, 32/2
Сурикова, 3а
Куаныш Толеметова, 10/5
Жибек жолы, 196/1, 1 этаж
Тауке Хана проспект, 190, 1 этаж
Нуртас, 93
Назармат Ерметова, 46, 1 этаж
Север микрорайон, 3, 1 этаж
Бокейханова, 864/1
Республики проспект, 15
Нурсат микрорайон, 143/1, 1 этаж
Толе би, 19, 1 этаж
Кабанбай батыра проспект, 11Б, 1 этаж
Гагарина, 26
Бауыржан Момышулы проспект, 53/5, 1 этаж
Жиделибайсын, 80/2
Тажибаева, 32
Жангельдина, 10
Куаныш Толеметова, 69/37, 0 этаж
Новостройка, 2/1
Талдысай, 710
Усенова, 28/1
Аргынбекова, 68/1
Алматинская трасса, 23/5
Толе би, 32а/2
Алтын адам, 7/2
Ибрагим ата, 176а/3
Айбергенова, 10, 1 этаж
Гулистан, 14
Желтоксан, 176
Кок сай 1 микрорайон, 463
Жиделибайсын, 72
Балкыбекова, 1/2
Бауыржан Момышулы проспект, 18, 1 этаж
8-й микрорайон, 62, 1 этаж
Казанкап акына, 1/3Б
Республики проспект, 18, 1 этаж
4-й микрорайон, 9/3
Рыскулова, 359/13
Алпысбаева, 113/1
Узбек, 2/7
Аль-Фараби, 19/1
Север микрорайон, 2, 1 этаж
Шымкентская, 22/1, 1 этаж
Желтоксан, 6
Шокана Уалиханова, 225/15
Дулати, 202/1
Отырар, 1/1
Муратова, 2
Туркестанская, 2/2, 1 этаж
Рыскулова, 1а
Алпамыс батыра, 2/7
Сырым батыра, 92, 1 этаж
Байдибек би проспект, 7/3, 1 этаж
Нурсат микрорайон, 203, 1 этаж
Гулдер Ай, 37/1
8-й микрорайон, 10, 1 этаж
Отырар микрорайон, 59/1
Сайрам микрорайон, 10/3, 1 этаж
Майлы Кожа, 182а
Мангельдина, 39а, 1 этаж
Куртаева, 350/3
Республики проспект, 42/1
Абдулла Абад, 82/3
Махмудова, 18
Амира Тимура, 220/1
Алпысбаева, 127/2, 1 этаж
Туркестанская, 185
Бозтоган, 1/4
Байтерекова, 9а/1
Сайрам микрорайон, 24, 1 этаж
Жамалова, 4/4
Рыскулова, 18/1, 1 этаж
Гани Иляева, 292а
Алматинская трасса, 25а/2
Гагарина, 213, 1 этаж
Гани Иляева, 17, 1 этаж
Гагарина, 149а, 1 этаж
Баян батыра, 43
Восток микрорайон, 34
Шамши Калдаякова, 4, 1 этаж
Шардара, 3/9
Гагарина, 143, 1 этаж
Алимкулова, 2, 1 этаж
Карасу микрорайон, 85
Капал батыра, 177/4
Аргынбекова, 88, 1 этаж
Торекулова, 256/1
Амира Тимура, 237/3, 1 этаж
Таубалытас, 38
Клары Цеткин, 101/2
Бауыржан Момышулы проспект, 64
Ак Алтын, 3/1
16-й микрорайон, 9
Толе би, 19, 1 этаж
Дулати, 181
Аль-Фараби, 148
Хамзы, 77/1
Север микрорайон, 47, 1 этаж
Седова, 1/1
Алимбетова, 135/3, 1 этаж
Инкардария, 43
Казына, 1
Гагарина, 54/1, 1 этаж
Ибрагим ата, 118/3, 1 этаж
Ибрагим ата, 323, 1 этаж
Жанкожа батыра, 6, 1 этаж
18-й микрорайон, 41/3
18-й микрорайон, 19/3, 1 этаж
Чехова, 57/1
Ынтымак, 46/2, 1 этаж
Гулдер Ай, 37/1
Жаркымбекова, 14, 1 этаж
Народовольцев, 45
Жибек жолы, 76Б, 1 этаж
Жиделибайсын, 45
Орынбаева, 92, 1 этаж
Мухаметкула Исламкулова, 102а
Турсынкул Утегенова, 7/10
Алматинская трасса, 11/2
Восток микрорайон, 45
Хантагы, 2/1
Нурсултана Назарбаева проспект, 39, цокольный этаж
Мухаметкула Исламкулова, 43/1, 1 этаж
Алимбетова, 119
Спатаева, 3/1
Бершинтобе, 99/4
Мадели Кожа, 128
Аль-Фараби, 40
Турсынкул Утегенова, 8134
Пшеничных, 28
Акпан батыра, 44
Койкелди Батыра, 29/1
Бабашулы, 131
Бостандык 7-й переулок, 2, 1 этаж
Аль-Фараби, 55а
Амира Тимура, 312/1
Конституции, 35а
Отырар микрорайон, 60
Жибек жолы, 100/2
Гастелло, 84/1
Шамши Калдаякова, 19, 1 этаж
Дулати, 167/1, 1 этаж
Исханова, 5/6
Байтурсынова, 5, 1 этаж
Аймаутова, 59/1
Кожанова, 42/1
Байтурсынова, 124/1
Кентаева, 2
Капал батыра, 2а
Курылыс, 27/1 стр
Аль-Фараби, 83
Аскарова, 41, 1 этаж
Карасу микрорайон, 66
Асар микрорайон, 4/1
Отырар микрорайон, 11/1, 1 этаж
Гани Иляева, 25, 1 этаж
Ташенова, 81
Республики проспект, 30
Асар микрорайон, 14, 1 этаж
Жасталап, 48
Сасбукаева, 99/1
Акпан батыра, 102, 1 этаж
Зердели, 1а, 1 этаж
Бабашулы, 12/6
Аксуат, 1/1
Восток микрорайон, 31/1
Назарова, 14
Камбарулы, 56/1
Бауыржан Момышулы проспект, 82
Машат, 38/1
Камбарулы, 18а
Аль-Фараби, 177/1
Казыбек Би, 176
Биржан сал, 25/1
Аргынбекова, 23/1
Застенная, 20а
Жанаталап микрорайон, 1/10
Сиргели, 226/2, 1 этаж
Дулати, 117
Аскарова, 34, 1 этаж
Нурсултана Назарбаева проспект, 20
Желтоксан, 20, 1 этаж
Жамалбека Шаймерденова, 202а
Рыскулова, 59, 1 этаж
Ергеш ата Исраилова, 2
Жибек жолы, 9/1, 1 этаж
Атануры, 423
8-й микрорайон, 12, 1 этаж
Спортивный микрорайон, 12/1, 1 этаж
Шамши Калдаякова, 123/2
Туркестан, 67/1
Алимкулова, 38, 0 этаж
Байтурсынова, 40/1
Теспе, 32
Махамбет, 2/2
Карабура аулие, 3/1
Казанкап акына, 28
Терекзор, 77
Аскарова, 41а, 1 этаж
Шокана Уалиханова, 225а
17-й микрорайон, 2, 1 этаж
Сайрам микрорайон, 10/2
Музтау, 10
Север микрорайон, 53, 1 этаж
Оналбаева, 59/1
Жанысбаев Оразбай ата, 1/1
Аблязимова, 37/1
Байтурсынова, 44
Муратова, 10/1
Саяжай, 1
Жангельдина, 18, 1 этаж
Тамерлановское шоссе, 54/2
Есалиева, 12/3
Отырар, 33/2
Гагарина, 110, 1 этаж
Дулатбека Рахымбергенова, 1, 1 этаж
Елшибек батыра, 106
Стадионная, 4, 1 этаж
Мирсаат Ерметова, 1/5
Отырар микрорайон, 53/1
Север микрорайон, 66, 1 этаж
Анар-Аже, 6836/2
Капал батыра, 112/1
Круговой, 71
Алпамыс батыра, 2/4
Казыбек Би, 138
Дауылова, 20а
Абая проспект, 18/1
Диваева, 140
Рашидова, 14а/2, 1 этаж
17-й микрорайон, 12, 1 этаж
Шокана Уалиханова, 1/1, 1 этаж
Жибек жолы, 4/4Б
Нурсултана Назарбаева проспект, 47, 0 этаж
18-й микрорайон, 58, 1 этаж
Есенова, 2/7
Адильбек Керимше, 51/1, 1 этаж
Айдарлы, 2/2
Корикты, 71/1
Аскарова, 32/2
Аргынбекова, 477
Атасу, 7/2, 1 этаж
Куаныш Толеметова, 69/24
Атасу, 35
Толе би, 37, 1 этаж
Шокана Уалиханова, 215В/1, 1 этаж
17-й микрорайон, 15а/1
Жибек жолы, 67/1
Бауыржан Момышулы проспект, 93/1
Дулати, 134
Толебаева, 1/1, 1 этаж
Шокана Уалиханова, 225в/2
Спортивный микрорайон, 4/1, 1 этаж
Диваева, 100
16-й микрорайон, 42, 1 этаж
Север микрорайон, 4, 1 этаж
Аймаутова, 125, 1 этаж
Аль-Фараби, 2а/4
Нурсултана Назарбаева проспект, 41, цокольный этаж
2-я, 29/1
Туркестан, 1/1
Мангельдина, 37/2, 1 этаж
Дамбовая, 31/1
Гагарина, 13/2
Узбекская, 45/2
Мустафа Озтурука, 150/1
Шамши Калдаякова, 4/5
Аль-Фараби, 103/1
Диваева, 15, 1 этаж
Сман Азимова, 85Б
Байдибек би, 53/1, 1 этаж
Маншук Маметовой, 172/1
Диваева, 69
Тайманулы, 15
Бабыра, 9
Аль-Фараби, 3/1
Ибрагим ата, 21/1
Шугыла, 13/2
Атасу, 7
Гулдала, 56/1
Камбарулы, 101
Сыпырган ата, 1/1, 1 этаж
Бауыржан Момышулы проспект, 68/1
Сырым батыра, 153/1
Турсынкул Утегенова, 1595
Зере, 1/6
Шокана Уалиханова, 192а/2
Орал, 82/1
Шапагат-2 микрорайон, 1/4
Исмаилова, 4/2
Мамина-Сибиряка, 9/1
Новостройка, 1/1
Саттарханова, 59/1
Байбори, 25
Шакирова, 31/1
Хан Танири, 63
Туркестан, 47/1
Аль-Фараби, 270/2
Юсуфа Сареми, 46/3, 1 этаж
Гани Иляева, 124, 1 этаж
Сман Азимова, 32/1
Искра, 28, 1 этаж
Аль-Фараби, 103/1
Аймаутова, 18
Аль-Фараби, 139, 1 этаж
Спатаева, 100
Манкент, 19а
Байдибек ата, 16
Народовольцев, 31а/1
Сатыбалдиева, 47/1, 1 этаж
Тауке Хана проспект, 175
Астана микрорайон, 74, 1 этаж
Жасталап, 37
Нурсат микрорайон, 8, 1 этаж
Амангельды, 20/7
Тажибаева, 55
Кожанова, 25, 1 этаж
Молодая Гвардия, 25/1
Туркестан, 51
Ауэзова, 34
Дулати проезд, 1/1
Алимбетова, 62/3
Шокана Уалиханова, 231Б/2
Туркестанская, 2/3
Турсынкул Утегенова, 7/4, 1 этаж
Аль-Фараби, 2г/1, 1 этаж
Жандосова, 43, 1 этаж
Теректи, 18/2
Терешковой, 18/1
Рыскулова, 534
Гагарина, 13/9
Коктем, 2
Ынтымак, 22/2
16-й микрорайон, 16/1
Казыбек Би, 11/1
Ташенова, 90/2
Тамерлановское шоссе, 46/40, 1 этаж
Казыбек Би, 188а
Гани Иляева, 5Б, 1 этаж
Бозарык микрорайон, 4/7
Юсупова, 27/2, 1 этаж
Еримбетова, 24, 1 этаж
Саттарханова, 3/1
Отырар микрорайон, 60, 1 этаж
Дауренбека Курманбекова, 75/1
Тауке Хана проспект, 41, 1 этаж
Елшибек батыра, 127/2, 1 этаж
192-й квартал, 359/38, 1 этаж
178-й квартал микрорайон, 257, 1 этаж
Кабанбай батыра проспект, 7, 1 этаж
Тамерлановское шоссе, 1/1
Республики проспект, 8/2, 1 этаж
Кабанбай батыра проспект, 2
Куаныш Толеметова, 6/12
Айдын, 21/4
Шокана Уалиханова, 186/1
Теректи, 19/1
Саттарханова, 2/1
Амира Тимура, 165/1
Тамерлановское шоссе, 24/15
Елшибек батыра, 118, 1 этаж
Елшибек батыра, 34а
Юсуфа Сареми, 9/4
Юсуфа Сареми, 112/1, 1 этаж
Диваева, 89, 1 этаж
Кабанбай батыра проспект, 14/5, 1 этаж
Абая проспект, 33Б
Манкент, 31/2
16 микрорайон, 6
18 микрорайон, 49
Нурсат 2 микрорайон, 20
Елшибек батыра 16
Стадионная, 14
Достык мкр, ул Арайлы Тан, 337
Достык мкр, Арайлы тан
Гагарина
Туркестанская 2/7
Туркестанская, 5
Зеленая балка 3
Адырбкова 39
Ташенова, 50
Яссауи, 35
Ирисмет Ата, 17
Сагынбаева, 68/1
АльФараби 221
Яссауи, 1/1
интернациональная 2б
