69.617029
69.631848
69.648291
69.430701
69.629615
69.591975
69.522188
69.646955
69.610405
69.549366
69.636235
69.626524
69.626873
69.540039
69.641377
69.789404
69.589472
69.59526
69.570974
69.606323
69.600718
69.620638
69.537513
69.652401
69.501481
69.604436
69.493624
69.488837
69.570769
69.645757
69.7034
69.58294
69.742283
69.613862
69.628198
69.58129
69.549217
69.643753
69.526593
69.606038
69.580099
69.549705
69.606643
69.566446
69.574326
69.62042
69.710042
69.642821
69.547223
69.560737
69.557904
69.58059
69.599447
69.638745
69.581218
69.646618
69.586003
69.571823
69.574408
69.691781
69.556936
69.581063
69.586823
69.606746
69.644234
69.606583
69.59745
69.551876
69.620692
69.696396
69.655714
69.54306
69.557439
69.636275
69.581613
69.609788
69.583669
69.492814
69.647059
69.644532
69.605905
69.6927
69.63087
69.558405
69.614521
69.624428
69.580574
69.655273
69.697119
69.63706
69.615113
69.622505
69.568815
69.643703
69.781008
69.61048
69.57265
69.604201
69.604991
69.75968
69.598609
69.604511
69.631961
69.528351
69.643331
69.570195
69.673739
69.655075
69.758958
69.559474
69.611278
69.609699
69.574949
69.777865
69.633661
69.615625
69.633825
69.630425
69.544193
69.706594
69.583486
69.79967
69.582906
69.608081
69.609757
69.6276
69.58052
69.589806
69.676608
69.559213
69.586396
69.586632
69.60064
69.633006
69.590599
69.59691
69.646825
69.627141
69.615711
69.570792
69.651874
69.588382
69.695369
69.543771
69.627674
69.578145
69.653634
69.570522
69.637673
69.560906
69.578811
69.581893
69.554815
69.576347
69.564803
69.581744
69.52431
69.641258
69.588853
69.50208
69.597
69.569602
69.646299
69.548483
69.759281
69.588972
69.589114
69.551468
69.631072
69.644949
69.604348
69.760304
69.681483
69.636795
69.597967
69.624645
69.504699
69.599557
69.560367
69.611363
69.595012
69.579392
69.613988
69.55312
69.609285
69.555865
69.571879
69.615113
69.652482
69.547757
69.567978
69.620102
69.60437
69.635411
69.64071
69.590028
69.514979
69.609275
69.57821
69.521813
69.573113
69.550867
69.641394
69.527939
69.567617
69.578436
69.575502
69.585017
69.589395
69.758638
69.588695
69.562315
69.580695
69.59689
69.456259
69.575199
69.583005
69.57305
69.580662
69.638953
69.649211
69.612264
69.639158
69.578711
69.566091
69.607858
69.576429
69.533182
69.584858
69.451405
69.629391
69.697156
69.575883
69.639693
69.596133
69.670043
69.590609
69.553708
69.570446
69.641762
69.635018
69.545544
69.641085
69.553891
69.619886
69.629361
69.624503
69.636458
69.540671
69.514309
69.644474
69.55619
69.638426
69.558147
69.523176
69.695367
69.545128
69.775157
69.61217
69.566975
69.574284
69.546166
69.47425
69.617985
69.686796
69.582265
69.581496
69.580398
69.621191
69.543898
69.602718
69.638202
69.715555
69.606206
69.636992
69.511599
69.4783
69.595541
69.666349
69.557462
69.641781
69.622504
69.641714
69.539457
69.598214
69.502269
69.537881
69.592987
69.636452
69.759424
69.603424
69.701619
69.613065
69.586967
69.540503
69.633934
69.74168
69.639693
69.611967
69.616701
69.581921
69.656526
69.580835
69.640668
69.656104
69.648202
69.531807
69.543679
69.64209
69.639293
69.748547
69.548314
69.654507
69.624018
69.62054
69.572208
69.604528
69.599361
69.526263
69.576596
69.575215
69.629142
69.583065
69.610128
69.67062
69.573088
69.552974
69.644841
69.651098
69.647812
69.580544
69.650347
69.580846
69.645416
69.518291
69.561554
69.639661
69.522505
69.582671
69.638109
69.559385
69.594597
69.609737
69.589002
69.583163
69.697251
69.704122
69.662607
69.579945
69.587051
69.565455
69.625973
69.535953
69.580505
69.53962
69.575494
69.637272
69.57391
69.583699
69.638594
69.640671
69.639818
69.611752
69.703909
69.764109
69.631181
69.621058
69.566068
69.597723
69.597834
69.565819
69.76376
69.60337
69.59664
69.639887
69.63608
69.579526
69.582768
69.576146
69.604502
69.575359
69.558719
69.628042
69.561423
69.625758
69.599412
69.593953
69.595348
69.55891
69.527422
69.725758
69.577784
69.580618
69.620485
69.573946
69.617497
69.563571
69.536735
69.536735
69.608695
69.668469
69.581809
69.654644
69.663393
69.50577
69.628037
69.574694
69.647901
69.682655
69.578238
69.566155
69.564056
69.55052
69.614492
69.765952
69.589307
69.59292
69.581092
69.627246
69.552302
69.562164
69.567717
69.694995
69.694581
69.686055
69.653484
69.528579
69.645175
69.652728
69.598678
69.611426
69.598432
69.642658
69.561968
69.545624
69.581614
69.535543
69.659891
69.65
69.705474
69.560152
69.573676
69.471388
69.73303
69.663986
69.669882
69.587924
69.539886
69.570906
69.767775
69.565302
69.579865
69.657462
69.57032
69.600373
69.760396
69.547089
69.640317
69.569752
69.594681
69.615511
69.58005
69.5674
69.65
69.628494
69.557497
69.519043
69.650413
69.589481
69.534658
69.537382
69.529752
69.585121
69.571008
69.568451
69.645233
69.444637
69.583643
69.596695
69.544582
69.628685
69.591277
69.582662
69.62933
69.474049
69.606053
69.630279
69.6431
69.64307
69.57653
69.63779
69.622042
69.56749
69.622472
69.630716
69.6276
69.629204
69.58335
69.617497
69.627316
69.70793
69.610988
69.699456
69.554836
69.577155
69.611365
69.583303
69.577361
69.581986
69.54473
69.59745
69.599075
69.635245
69.599147
69.664547
69.582632
69.529482
69.538131
69.706593
69.543561
69.647413
69.6948
69.608886
69.630094
69.630094
69.604897
69.591538
69.607546
69.632002
69.642801
69.625617
69.587791
69.616239
69.642861
69.726558
69.571008
69.515345
69.53136
69.574531
69.629067
69.613046
69.596589
69.486957
69.603638
69.641836
69.697278
69.583562
69.584462
69.601141
69.576678
69.567648
69.539779
69.589679
69.742522
69.584572
69.583742
69.653303
69.646761
69.6329
69.554894
69.553123
69.623183
69.633959
69.633873
69.555131
69.634329
69.502386
69.615668
69.538019
69.608658
69.788392
69.596257
69.602309
69.574238
69.607458
69.537994
69.623742
69.612177
69.75896
69.580686
69.586949
69.595511
69.66251
69.624814
69.562178
69.499245
69.475922
69.773307
69.643097
69.563173
69.54722
69.542906
69.646379
69.641157
69.566821
69.555753
69.552144
69.631688
69.618772
69.60836
69.556788
69.615147
69.592762
69.624435
69.645611
69.624848
69.554965
69.633856
69.622633
69.604267
69.635896
69.587352
69.587001
69.608621
69.635868
69.616334
69.580659
69.612948
69.555661
69.578898
69.628255
69.659331
69.55653
69.585929
69.531554
69.543541
69.58424
69.580276
69.600363
69.539599
69.654851
69.615113
69.53013
69.594722
69.624844
69.564859
69.546925
69.640769
69.64484
69.524767
69.567449
69.598595
69.469058
69.589806
69.659108
69.600117
69.683156
69.582439
69.599867
69.695721
69.576816
69.643269
69.623027
69.643156
69.587373
69.697119
69.656804
69.624534
69.547307
69.630319
69.539881
69.590061
69.577949
69.599047
69.595355
69.600769
69.677901
69.758585
69.643551
69.583135
69.582916
69.592864
69.601178
69.642686
69.610173
69.584323
69.589274
69.560091
69.759141
69.618296
69.634377
69.579121
69.635527
69.634795
69.645628
69.649926
69.643803
69.637182
69.646386
69.600807
69.622455
69.767563
69.538432
69.592915
69.55653
69.60249
69.575394
69.557346
69.616312
69.605947
69.592812
69.506629
69.695298
69.586389
69.618984
69.553589
69.608853
69.647425
69.585944
69.600363
69.623072
69.598884
69.653212
69.584858
69.644636
69.623612
69.552467
69.643185
69.546633
69.569932
69.640439
69.633517
69.576557
69.567367
69.499059
69.630094
69.582851
69.638594
69.636996
69.646328
69.590228
69.652325
69.647132
69.556679
69.547182
69.601393
69.561261
69.5794
69.57517
69.58686
69.611785
69.626715
69.599624
69.611946
69.619452
69.647056
69.616144
69.639741
69.502213
69.608841
69.581761
69.555997
69.635776
69.588447
69.664877
69.530503
69.64815
69.586768
69.571008
69.554441
69.515105
69.651135
69.554909
69.541707
69.639718
69.555603
69.573641
69.626076
69.591874
69.618936
69.633487
69.60647
69.747424
69.570384
69.646932
69.581369
69.599075
69.57063
69.646543
69.500932
69.639472
69.592781
69.497489
69.649452
69.604081
69.557672
69.599249
69.56785
69.670504
69.574598
69.642985
69.583446
69.517726
69.626873
69.619903
69.610821
69.627795
69.653654
69.586001
69.618415
69.619337
69.64673
69.70328
69.53227
69.793579
69.592748
69.653787
69.497466
69.643452
69.603499
69.566271
69.579642
69.636528
69.610031
69.587385
69.61234
69.65073
69.616605
69.559782
69.64173
69.64071
69.533182
69.597019
69.521616
69.587469
69.653137
69.655106
69.644347
69.576324
69.586194
69.640781
69.619525
69.640955
69.598569
69.638681
69.58442
69.631688
69.627232
69.533288
69.563675
69.744989
69.576997
69.51889
69.642082
69.560571
69.610238
69.630094
69.645516
69.636521
69.58134
69.533319
69.634082
69.600887
69.577695
69.633224
69.635008
69.581355
69.586278
69.552441
69.513493
69.581679
69.55594
69.536417
69.586212
69.609558
69.656758
69.606776
69.623553
69.631388
69.526688
69.507762
69.504746
69.498072
69.588437
69.622623
69.614351
69.575115
69.675167
69.6842
69.693651
69.641208
69.648758
69.560807
69.694796
69.579272
69.614644
69.641461
69.629033
69.631453
69.596386
69.535272
69.599456
69.640602
69.54068
69.647681
69.469449
69.616717
69.629714
69.635056
69.648869
69.63727
69.66689
69.633114
69.611804
69.639876
69.576657
69.598638
69.653668
69.600631
69.663612
69.63468
69.558937
69.630087
69.605467
69.55653
69.633171
69.573994
69.552698
69.534793
69.573215
69.55109
69.57391
69.575207
69.666493
69.638516
69.601697
69.652686
69.558746
69.756354
69.622089
69.579782
69.605737
69.640598
69.591933
69.592983
69.574397
69.580395
69.629577
69.536058
69.541452
69.616013
69.600611
69.578365
69.598764
69.640123
69.527505
69.583722
69.608821
69.642147
69.587292
69.633658
69.536518
69.470148
69.766531
69.662943
69.582283
69.634539
69.619952
69.649046
69.728319
69.64329
69.557885
69.540829
69.58185
69.612583
69.762489
69.76267
69.555177
69.65784
69.614334
69.663721
69.584514
69.552471
69.536092
69.666159
69.596708
69.701304
69.629865
69.563549
69.646245
69.584932
69.550687
69.558147
69.513901
69.645271
69.455697
69.579431
69.76306
69.572694
69.597872
69.551134
69.547789
69.62937
69.634563
69.515505
69.635288
69.596639
69.584904
69.635671
69.577524
69.634565
69.534218
69.751388
69.621074
69.74324
69.638516
69.564828
69.508031
69.578891
69.532697
69.744802
69.637792
69.730015
69.497317
69.741593
69.712768
69.63583
69.594622
69.5604
69.502608
69.531384
69.622227
69.55039
69.631147
69.57519
69.795686
69.72667
69.580276
69.632921
69.602005
69.631539
69.54174
69.61103
69.62675
69.738233
69.598224
69.509335
69.582404
69.599075
69.574545
69.652459
69.640432
69.772698
69.569259
69.641391
69.598481
69.651927
69.639158
69.664466
69.585731
69.575141
69.582315
69.668127
69.574073
69.56943
69.674545
69.572145
69.615213
69.632002
69.647829
69.660387
69.59117
69.615632
69.793833
69.584051
69.612346
69.608079
69.582598
69.583486
69.527601
69.559429
69.645342
69.572428
69.621411
69.629327
69.586761
69.550248
69.782392
69.633882
69.555557
69.627685
69.656498
69.553979
69.577124
69.594203
69.597163
69.720408
69.509808
69.565366
69.545818
69.589782
69.645515
69.645606
69.55125
69.604502
69.534159
69.520575
69.602984
69.576602
69.527265
69.552127
69.564939
69.582574
69.568401
69.615025
69.596159
69.606333
69.622647
69.657334
69.598035
69.636884
69.571185
69.605985
69.528549
69.613895
69.58462
69.584638
69.587726
69.621986
69.612958
69.609923
69.562498
69.535604
69.637412
69.579632
69.604057
69.610609
69.565839
69.55617
69.682845
69.578383
69.616748
69.634472
69.60097
69.615532
69.644612
69.674514
69.636589
69.509908
69.661687
69.560443
69.62558
69.555609
69.551946
69.532766
69.505009
69.508816
69.559108
69.501065
69.761509
69.74233
69.591482
69.638858
69.619308
69.614187
69.60868
69.567446
69.565358
69.574694
69.567334
69.625758
69.609469
69.56778
69.651426
69.670273
69.592577
69.63685
69.503826
69.637231
69.697372
69.700314
69.694792
69.698232
69.565176
69.747298
69.746981
69.623634
69.726994
69.749764
69.753865
69.791227
69.796471
69.79824
69.647535
69.599707
69.587176
69.648109
69.553355
69.636474
69.64686
69.631801
69.58998
69.576374
69.69166
69.643733
69.579141
69.59191
69.585055
69.604773
69.648787
69.558692
69.573839
69.635436
69.574511
69.60939
69.684647
69.762953
69.562273
69.578916
69.647683
69.572553
69.576429
69.597309
69.572226
69.535408
69.641899
69.640518
69.60607
69.561953
69.556605
69.554178
69.524373
69.659182
69.637966
69.741503
69.578871
69.642722
69.594949
69.646428
69.596427
69.692694
69.603549
69.52219
69.642391
69.505243
69.764335
69.606119
69.597059
69.595319
69.628995
69.597294
69.608825
69.766292
69.603348
69.782497
69.592918
69.646664
69.671637
69.555393
69.569778
69.642977
69.626299
69.566763
69.611013
69.615696
69.624596
69.594596
69.639344
69.572884
69.550732
69.58415
69.503528
69.6095
69.664538
69.595149
69.593622
69.580739
69.633252
69.565661
69.593363
69.605724
69.565118
69.57558
69.584036
69.581862
69.420511
69.676251
69.5231
69.659384
69.568272
69.497182
69.760715
69.770445
69.605653
69.599339
69.716731
69.626873
69.567423
69.676804
69.676934
69.568605
69.653654
69.488501
69.556512
69.53186
69.521632
69.778776
69.626858
69.603222
69.630094
69.679204
69.602651
69.570442
69.585142
69.547007
69.640917
69.586569
69.732247
69.573392
69.794516
69.601947
69.504513
69.775058
69.632931
69.555504
69.608921
69.649413
69.58417
69.602672
69.569593
69.622634
69.652251
69.632765
69.604519
69.642949
69.570568
69.531773
69.623107
69.552949
69.648685
69.533928
69.56554
69.551474
69.664671
69.664706
69.648043
69.53176
69.497223
69.622291
69.62915
69.669631
69.576664
69.597467
69.502524
69.707507
69.669928
69.575255
69.602753
69.579356
69.565169
69.591041
69.608599
69.614734
69.752278
69.608226
69.577135
69.758071
69.551729
69.508122
69.582482
69.573889
69.570193
69.780105
69.64764
69.546234
69.661317
69.651243
69.534066
69.632015
69.625141
69.580674
69.530985
69.639074
69.55336
69.56253
69.589274
69.573255
69.632826
69.55499
69.599384
69.55897
69.60963
69.727992
69.604095
69.625534
69.582133
69.577524
69.635788
69.50959
69.623508
69.679148
69.590024
69.624057
69.574419
69.574281
69.660535
69.570463
69.533434
69.585743
69.614564
69.5766
69.567518
69.560152
69.638956
69.537021
69.619279
69.587272
69.710934
69.619569
69.640598
69.587919
69.643415
69.61265
69.538889
69.627479
69.576008
69.57789
69.497479
69.622822
69.623209
69.643021
69.513553
69.648323
69.570798
69.645422
69.602628
69.634107
69.624218
69.649832
69.5785
69.674641
69.653484
69.576509
69.613461
69.638901
69.635822
69.663965
69.755561
69.545769
69.571732
69.497275
69.589801
69.637428
69.640567
69.573839
69.589168
69.597471
69.612536
69.6118
69.567594
69.636525
69.653131
69.555504
69.780731
69.668224
69.558703
69.556601
69.645165
69.559799
69.581206
69.582184
69.597085
69.624279
69.766939
69.695721
69.621465
69.639974
69.614533
69.608505
69.570101
69.593196
69.663052
69.583071
69.616638
69.602542
69.616997
69.583414
69.596196
69.55602
69.589113
69.536343
69.547645
69.517947
69.574283
69.579395
69.582574
69.615345
69.636731
69.574035
69.567446
69.63162
69.572226
69.589274
69.585055
69.631038
69.623973
69.499806
69.758973
69.61687
69.609978
69.609469
69.559582
69.64452
69.620813
69.695371
69.598528
69.607024
69.579471
69.63535
69.610925
69.64827
69.798083
69.621894
69.59152
69.62826
69.64194
69.601677
69.600248
69.660881
69.594303
69.605958
69.583796
69.622538
69.613776
69.611086
69.645028
69.58273
69.540562
69.562817
69.658604
69.607644
69.570892
69.607176
69.611217
69.631246
69.504849
69.666865
69.498759
69.683539
69.577029
69.579314
69.590932
69.54463
69.616552
69.61136
69.613428
69.568208
69.618374
69.541594
69.702597
69.570229
69.599381
69.625301
69.525822
69.538773
69.534596
69.632018
69.600084
69.580782
69.626591
69.519773
69.65345
69.646227
69.598553
69.693707
69.596117
69.583908
69.519607
69.529919
69.580192
69.566594
69.589108
69.571106
69.578655
69.581226
69.562605
69.586751
69.584753
69.574517
69.548158
69.621465
69.590699
69.541855
69.549396
69.560619
69.537513
69.529274
69.554532
69.646574
69.654287
69.632046
69.633053
69.527779
69.64783
69.723398
69.740824
69.571605
69.670257
69.540546
69.636127
69.642138
69.574694
69.609707
69.560305
69.612223
69.555224
69.621943
69.553693
69.602243
69.55685
69.535345
69.530675
69.524693
69.648136
69.525688
69.528204
69.549194
69.517413
69.529139
69.527929
69.519497
69.594065
69.602155
69.503467
69.518986
69.659731
69.473495
69.718656
69.559523
69.497758
69.554
69.579348
69.579725
69.518309
69.719759
69.722839
69.629841
69.798457
69.643133
69.585583
69.58707
69.628941
69.615435
69.638733
69.529139
69.650889
69.532572
69.65509
69.646631
69.529513
69.509421
69.647233
69.662737
69.666627
69.516658
69.644579
69.500242
69.65356
69.655035
69.655164
69.669852
69.676541
69.764784
69.498445
69.474211
69.566671
69.710474
69.610446
69.557193
69.478268
69.685542
69.468015
69.575159
69.457935
69.735025
69.75615
69.733219
69.45423
69.466119
69.64651
69.640566
69.72732
69.758897
69.425036
69.430306
69.799256
69.57164
69.625863
69.523829
69.626294
69.610358
69.628861
69.562663
69.644079
69.559754
69.533288
69.607074
69.638397
69.560326
69.604767
69.608314
69.56982
69.604502
69.643888
69.615065
69.659108
69.523002
69.618559
69.588866
69.589353
69.613848
69.587919
69.629311
69.560208
69.64668
69.547652
69.595894
69.558588
69.554356
69.538602
69.643567
69.542857
69.574805
69.570053
69.599105
69.548452
69.57893
69.580973
69.5845
69.60716
69.603784
69.55608
69.529566
69.554272
69.538737
69.537593
69.520145
69.530208
69.622848
69.505957
69.506152
69.513475
69.488842
69.614706
69.610579
69.584278
69.627954
69.552116
69.56519
69.571912
69.567021
69.544028
69.609504
69.634245
69.61026
69.665165
69.583875
69.647898
69.579217
69.619853
69.58669
69.557712
69.574694
69.574694
69.570053
69.574694
69.574694
69.567334
69.624985
69.557888
69.531636
69.529139
69.574694
69.574694
69.524607
69.607594
69.591604
69.587405
69.585055
69.639147
69.526688
69.528322
69.528262
69.629131
69.524234
69.528351
69.645756
69.609983
69.606766
69.596647
69.632252
69.662874
69.628303
69.591604
69.581227
69.619476
69.645655
69.60868
69.512688
69.558737
69.697741
69.503965
69.57263
69.508363
69.632041
69.498972
69.497533
69.776017
69.496216
69.711095
69.575453
69.720196
69.706173
69.705953
69.780583
69.571094
69.742398
69.741975
69.741936
69.747107
69.771601
69.746276
69.646591
69.752042
69.753619
69.749733
69.758323
69.75864
69.42914
69.759806
69.760754
69.760997
69.76344
69.759044
69.762814
69.763225
69.759967
69.761131
69.765819
69.758064
69.758845
69.765752
69.77914
69.774359
69.778916
69.782574
69.777338
69.798928
69.790975
69.503571
69.64675
69.615852
69.627607
69.544053
69.604913
69.539467
69.570151
69.710742
69.598089
69.782601
69.592184
69.606934
69.574738
69.67188
69.505615
69.585391
69.582525
69.57692
69.793037
69.624436
69.665862
69.587158
69.638157
69.573331
69.579959
69.631034
69.610428
69.603499
69.570736
69.582279
69.525914
69.588928
69.583683
69.598214
69.709228
69.514665
69.54541
69.604195
69.546886
69.615065
69.66875
69.747969
69.580967
69.766531
69.633222
69.610854
69.524234
69.719807
69.586669
69.581796
69.628883
69.578576
69.570508
69.567334
69.556904
69.637892
69.754229
69.637921
69.590477
69.5839
69.646792
69.613047
69.557763
69.506058
69.592979
69.605082
69.554528
69.586554
69.631484
69.631054
69.560478
69.578538
69.622744
69.637513
69.628483
69.573892
69.519075
69.57529
69.783068
69.517576
69.74665
69.5627
69.618971
69.528163
69.644212
69.635658
69.766584
69.635301
69.645878
69.640085
69.545675
69.591482
69.55064
69.599923
69.64232
69.57611
69.501101
69.552589
69.605853
69.587616
69.664681
69.601044
69.644235
69.756884
69.471111
69.630394
69.57873
69.64767
69.640217
69.610428
69.610453
69.705357
69.553148
69.641636
69.583597
69.628692
69.49985
69.565155
69.539556
69.760245
69.690348
69.632483
69.626856
69.623655
69.550679
69.566893
69.560478
69.563415
69.588782
69.67478
69.52123
69.613757
69.654105
69.585381
69.564414
69.642949
69.568829
69.647812
69.645653
69.618757
69.553709
69.508022
69.617847
69.742007
69.589264
69.646661
69.6151
69.631503
69.717002
69.594133
69.556797
69.725691
69.566413
69.619903
69.620396
69.638669
69.56943
69.60967
69.566876
69.591989
69.624657
69.585281
69.606836
69.534495
69.637814
69.54847
69.55472
69.575114
69.586703
69.604541
69.616117
69.592337
69.610845
69.576915
69.60454
69.648989
69.621449
69.619191
69.552974
69.72442
69.532891
69.645282
69.50688
69.624838
69.577675
69.6931
69.619773
69.546279
69.612963
69.548493
69.611024
69.593902
69.42744
69.662735
69.607591
69.572495
69.655355
69.592197
69.60896
69.642809
69.766055
69.738254
69.513484
69.581218
69.597658
69.551905
69.502103
69.61114
69.597684
69.56245
69.544502
69.683173
69.629739
69.782204
69.57436
69.646474
69.629865
69.638091
69.551564
69.642351
69.588402
69.58462
69.621069
69.597821
69.511621
69.739314
69.581
69.560714
69.700371
69.53495
69.558581
69.550161
69.633696
69.636159
69.632295
69.624273
69.642822
69.58805
69.66394
69.545051
69.554882
69.611478
69.551101
69.560007
69.615422
69.585055
69.630279
69.695721
69.696355
69.649466
69.631306
69.495481
69.584551
69.560878
69.601534
69.575112
69.57567
69.575997
69.599175
69.576211
69.61427
69.641252
69.632755
69.665222
69.578843
69.608196
69.554817
69.644383
69.595602
69.611395
69.637084
69.638291
69.628073
69.757879
69.649832
69.577771
69.509913
69.574192
69.590476
69.528331
69.598096
69.613978
69.580364
69.73017
69.60752
69.617844
69.583265
69.642799
69.610537
69.604361
69.561158
69.756974
69.776152
69.641724
69.578121
69.65304
69.628183
69.55103
69.578367
69.578578
69.592443
69.692652
69.639602
69.549886
69.648297
69.550241
69.544351
69.707507
69.586177
69.649108
69.598441
69.550199
69.504945
69.539604
69.765516
69.61451
69.611072
69.581081
69.73017
69.622122
69.708833
69.666403
69.631244
69.577918
69.58969
69.780443
69.62989
69.651752
69.647997
69.625415
69.589922
69.585055
69.581225
69.542608
69.504382
69.603919
69.610642
69.535921
69.644548
69.591385
69.585755
69.559524
69.628175
69.520515
69.593862
69.582476
69.526691
69.71051
69.650501
69.641619
69.600883
69.61157
69.561083
69.613354
69.585171
69.615121
69.565949
69.633024
69.581617
69.621222
69.55704
69.605971
69.634538
69.656825
69.648786
69.605915
69.581753
69.580505
69.608841
69.581914
69.673596
69.638369
69.520786
69.575571
69.774129
69.55453
69.636795
69.62852
69.763467
69.763494
69.61153
69.605143
69.566361
69.627446
69.642404
69.628777
69.644345
69.627744
69.635326
69.561035
69.560624
69.574878
69.590383
69.591955
69.614772
69.612474
69.609751
69.55118
69.548429
69.54218
69.544721
69.546384
69.552746
