42.32087
42.302203
42.334717
42.35616
42.378618
42.352572
42.297242
42.35952
42.310061
42.287391
42.324265
42.364288
42.339315
42.295568
42.307883
42.400064
42.35049
42.315894
42.286699
42.350434
42.338055
42.334193
42.36304
42.282927
42.38462
42.324646
42.374068
42.341999
42.333937
42.3403
42.352746
42.300539
42.300703
42.345009
42.359385
42.322423
42.281995
42.334153
42.346922
42.308604
42.320148
42.347907
42.300338
42.362132
42.33507
42.312611
42.375198
42.364744
42.324692
42.313186
42.322062
42.356033
42.358533
42.320144
42.321815
42.42561
42.300798
42.343602
42.368925
42.348112
42.367955
42.302871
42.316506
42.36158
42.326679
42.301644
42.315153
42.335808
42.312963
42.349811
42.355086
42.369171
42.316001
42.335856
42.36655
42.407058
42.336419
42.381163
42.310894
42.355806
42.348849
42.344853
42.308494
42.322118
42.347438
42.340927
42.31684
42.404678
42.318672
42.336536
42.304704
42.318117
42.353757
42.338681
42.310303
42.321488
42.352375
42.3615
42.321135
42.376982
42.319714
42.343042
42.280492
42.354005
42.341923
42.308659
42.335313
42.352324
42.308982
42.394887
42.363068
42.306944
42.392026
42.306226
42.336422
42.34066
42.334926
42.395154
42.363205
42.323422
42.312366
42.302372
42.288011
42.334125
42.295642
42.361037
42.323959
42.323852
42.315309
42.397605
42.360752
42.324145
42.317874
42.319455
42.315744
42.333347
42.382079
42.350873
42.338649
42.303535
42.353366
42.318192
42.352594
42.300213
42.340469
42.377453
42.324125
42.309254
42.342809
42.314713
42.310106
42.309776
42.332425
42.275168
42.293436
42.31343
42.291577
42.373057
42.309114
42.392912
42.336872
42.337701
42.283659
42.361184
42.298342
42.345171
42.345109
42.340593
42.337663
42.345756
42.281814
42.283544
42.338813
42.325363
42.303268
42.305556
42.355575
42.405505
42.316611
42.307677
42.40438
42.330544
42.30904
42.416054
42.318741
42.353057
42.327527
42.304704
42.337532
42.33718
42.355149
42.328354
42.357471
42.318271
42.324321
42.344208
42.355695
42.313778
42.325542
42.339901
42.400207
42.320761
42.319789
42.347946
42.366769
42.318781
42.322426
42.312655
42.301407
42.282724
42.335609
42.324204
42.338394
42.30238
42.357363
42.319796
42.298949
42.392855
42.276464
42.327568
42.360813
42.31526
42.317136
42.313794
42.328374
42.333424
42.303903
42.354308
42.311789
42.357192
42.302041
42.358322
42.398687
42.344024
42.311436
42.33831
42.324883
42.358325
42.310116
42.344174
42.34511
42.289597
42.333273
42.335137
42.314263
42.310619
42.310834
42.30521
42.373282
42.335102
42.325919
42.316818
42.343954
42.315975
42.347976
42.353567
42.289641
42.303279
42.291863
42.354437
42.336563
42.293494
42.34853
42.346935
42.362654
42.305239
42.322768
42.308669
42.304921
42.294761
42.284062
42.326267
42.355991
42.296538
42.337491
42.365982
42.372272
42.321696
42.335053
42.329349
42.340889
42.342147
42.349635
42.337415
42.310665
42.33894
42.29994
42.359234
42.302958
42.299431
42.317503
42.323661
42.333154
42.303739
42.290612
42.316433
42.297512
42.344024
42.292892
42.298875
42.346888
42.316089
42.314686
42.326048
42.355453
42.337266
42.361489
42.370463
42.341315
42.286488
42.311234
42.353902
42.368324
42.342829
42.312999
42.353868
42.344646
42.305358
42.298939
42.327113
42.344673
42.336671
42.332505
42.307112
42.372837
42.337918
42.317264
42.329265
42.353695
42.360519
42.334302
42.308636
42.395903
42.356124
42.340545
42.369682
42.288926
42.364534
42.316632
42.344147
42.299302
42.277083
42.359218
42.34912
42.394686
42.3579
42.319378
42.384291
42.320305
42.335953
42.328006
42.314055
42.306486
42.317719
42.345911
42.32737
42.309055
42.321319
42.315183
42.332042
42.340776
42.323201
42.340454
42.359855
42.291258
42.329715
42.351112
42.326305
42.354315
42.339294
42.321214
42.300644
42.343086
42.285549
42.330257
42.290512
42.31506
42.33783
42.318353
42.309095
42.3059
42.374363
42.341184
42.317749
42.342372
42.33086
42.308192
42.292922
42.314189
42.349383
42.35971
42.324471
42.307909
42.36098
42.34005
42.315567
42.411324
42.290679
42.290679
42.299383
42.284132
42.303819
42.317764
42.343563
42.36663
42.361741
42.30452
42.359878
42.345285
42.303281
42.406232
42.40582
42.34827
42.332381
42.285547
42.408539
42.324972
42.304273
42.36147
42.349207
42.29841
42.336084
42.352501
42.343521
42.372231
42.374351
42.362113
42.335352
42.325019
42.339087
42.312334
42.339123
42.336812
42.318768
42.326117
42.313276
42.301851
42.331568
42.335564
42.373329
42.315986
42.380102
42.349687
42.370416
42.320704
42.340681
42.418722
42.295817
42.345227
42.303126
42.422009
42.313283
42.312665
42.321431
42.301225
42.308519
42.319806
42.317012
42.327592
42.39326
42.296809
42.308521
42.329016
42.335564
42.362394
42.353443
42.356553
42.281998
42.297735
42.344103
42.358262
42.294636
42.284117
42.327834
42.341013
42.317306
42.361519
42.32377
42.333537
42.29126
42.335689
42.302707
42.314046
42.310362
42.370614
42.311786
42.335855
42.404513
42.376623
42.306964
42.33965
42.353408
42.321295
42.362051
42.337877
42.361037
42.340716
42.308577
42.315567
42.373315
42.319015
42.300004
42.350897
42.374657
42.321221
42.280873
42.367057
42.325857
42.305854
42.299545
42.315153
42.336158
42.343539
42.338946
42.34502
42.304907
42.294273
42.350668
42.353023
42.346117
42.361381
42.382741
42.363885
42.325589
42.325589
42.303046
42.278984
42.288953
42.362243
42.344957
42.277868
42.345489
42.299213
42.340569
42.37508
42.309535
42.364741
42.332078
42.336201
42.349653
42.345972
42.302061
42.385157
42.339317
42.337919
42.353868
42.303675
42.314854
42.33903
42.313684
42.379918
42.290943
42.293062
42.277868
42.303074
42.363357
42.32141
42.324767
42.329128
42.326914
42.28576
42.341431
42.344171
42.336386
42.303339
42.374427
42.383556
42.352534
42.324688
42.283975
42.308469
42.301632
42.303535
42.286892
42.281849
42.332825
42.345731
42.315063
42.299869
42.387484
42.284122
42.302415
42.38215
42.317979
42.412569
42.391002
42.347876
42.302892
42.380254
42.325814
42.298325
42.294744
42.332381
42.334046
42.35116
42.316682
42.337078
42.339271
42.317443
42.340928
42.323162
42.306139
42.375908
42.34022
42.335515
42.306038
42.379609
42.362039
42.341875
42.338196
42.33745
42.303963
42.419028
42.408166
42.356062
42.354835
42.388725
42.326721
42.327054
42.362755
42.363912
42.41442
42.334697
42.317876
42.310217
42.294804
42.290898
42.323578
42.313067
42.331316
42.364746
42.304704
42.3033
42.323828
42.340886
42.349541
42.329223
42.313826
42.344185
42.344621
42.393487
42.41086
42.374414
42.323852
42.340981
42.338416
42.346775
42.298673
42.379269
42.350628
42.402797
42.376968
42.357014
42.334882
42.308233
42.318672
42.391461
42.339583
42.363087
42.380942
42.35135
42.324435
42.306627
42.318734
42.305048
42.301007
42.343261
42.2995
42.30733
42.322294
42.304946
42.316031
42.298517
42.324485
42.307813
42.301578
42.301564
42.326988
42.29742
42.286016
42.303286
42.30922
42.312931
42.327711
42.323394
42.336554
42.339205
42.319756
42.323534
42.361779
42.306571
42.293477
42.332334
42.323385
42.355626
42.319351
42.304165
42.40311
42.347989
42.329096
42.316177
42.376662
42.350699
42.3204
42.313416
42.32634
42.335068
42.323199
42.308507
42.313067
42.331702
42.272344
42.382945
42.311789
42.315833
42.343594
42.286092
42.343038
42.288665
42.281664
42.339572
42.302044
42.310964
42.309427
42.384449
42.325589
42.307735
42.332042
42.334712
42.325557
42.351343
42.382879
42.336394
42.317142
42.346919
42.274644
42.305403
42.313381
42.303718
42.308083
42.275934
42.30337
42.388145
42.291471
42.331387
42.340609
42.354543
42.308211
42.340013
42.299944
42.306962
42.334216
42.349072
42.304411
42.318956
42.305519
42.339471
42.30094
42.327834
42.349967
42.365849
42.316674
42.326662
42.32969
42.330503
42.335094
42.3116
42.306614
42.30073
42.309193
42.332449
42.301774
42.312743
42.394636
42.340397
42.331957
42.336158
42.308068
42.337256
42.375206
42.339804
42.295947
42.381824
42.283239
42.295297
42.348499
42.321745
42.374937
42.341178
42.308165
42.338986
42.339343
42.340286
42.339315
42.343801
42.36067
42.364532
42.357377
42.323029
42.324438
42.296626
42.381913
42.319323
42.368948
42.303806
42.308165
42.377218
42.381376
42.344227
42.302857
42.360906
42.303865
42.338981
42.332945
42.340073
42.295661
42.310019
42.322821
42.313541
42.329115
42.324321
42.336853
42.329241
42.340612
42.303793
42.282823
42.353985
42.341325
42.360126
42.287228
42.332242
42.4279
42.364659
42.333159
42.334785
42.304013
42.339271
42.34004
42.354854
42.396823
42.266378
42.386572
42.372819
42.32262
42.347614
42.306675
42.325589
42.356742
42.428129
42.316866
42.299298
42.373877
42.360888
42.30996
42.318597
42.359052
42.324941
42.333873
42.416128
42.335787
42.27757
42.36482
42.36421
42.322918
42.358807
42.385725
42.314601
42.345
42.339506
42.346321
42.357903
42.361017
42.384012
42.300961
42.306963
42.330577
42.346736
42.372331
42.341354
42.370305
42.333388
42.34192
42.317335
42.352886
42.352879
42.316186
42.365733
42.363328
42.359946
42.350092
42.349859
42.30145
42.286364
42.351874
42.359954
42.351917
42.308829
42.340717
42.322647
42.360214
42.381922
42.357971
42.331159
42.341973
42.332719
42.29576
42.332943
42.352814
42.313034
42.37222
42.372113
42.291696
42.302585
42.332764
42.365819
42.333492
42.344401
42.29537
42.291047
42.277243
42.343571
42.321319
42.37823
42.363877
42.338502
42.303189
42.311029
42.339895
42.309077
42.358545
42.302927
42.399566
42.335968
42.299873
42.343048
42.321552
42.32065
42.340541
42.296858
42.323469
42.319396
42.337794
42.31301
42.340304
42.305135
42.348075
42.336092
42.315829
42.387765
42.325166
42.334346
42.348667
42.375063
42.284497
42.379672
42.338089
42.36187
42.295677
42.340497
42.254648
42.372537
42.402023
42.373055
42.320247
42.344491
42.302892
42.293211
42.284979
42.314493
42.302103
42.316272
42.305259
42.299885
42.357227
42.337968
42.266968
42.35193
42.334792
42.360107
42.385372
42.333822
42.371584
42.315975
42.342056
42.327527
42.357024
42.283062
42.283961
42.33837
42.334295
42.358183
42.351301
42.292505
42.328236
42.362788
42.381517
42.295802
42.308351
42.326597
42.325276
42.318207
42.325771
42.298698
42.297013
42.30069
42.338502
42.347614
42.371371
42.309779
42.336059
42.278382
42.325851
42.304223
42.372013
42.314422
42.318793
42.339201
42.403493
42.401304
42.392799
42.353624
42.35456
42.320795
42.363931
42.341144
42.303157
42.373534
42.323578
42.358583
42.386186
42.329127
42.343342
42.340865
42.350776
42.249528
42.312213
42.358758
42.345288
42.336158
42.314152
42.379009
42.343582
42.285709
42.333031
42.329755
42.312151
42.383811
42.317136
42.280183
42.304162
42.305688
42.305731
42.348556
42.348165
42.312373
42.372322
42.423367
42.294522
42.362243
42.318542
42.33782
42.394062
42.358905
42.405417
42.311931
42.314469
42.299827
42.323485
42.312366
42.345736
42.327336
42.374535
42.276061
42.332007
42.304096
42.305545
42.32983
42.28393
42.309588
42.324688
42.364314
42.38697
42.404541
42.326054
42.316054
42.302312
42.375081
42.364944
42.312275
42.353442
42.323795
42.335339
42.333794
42.34363
42.309095
42.352689
42.343463
42.299006
42.292818
42.331672
42.286233
42.29303
42.304702
42.387914
42.340488
42.350599
42.309641
42.291091
42.37417
42.363551
42.374561
42.310425
42.287877
42.304749
42.309238
42.32576
42.312776
42.320036
42.348744
42.328231
42.34386
42.359
42.378779
42.396163
42.3424
42.338273
42.283005
42.36874
42.367727
42.371695
42.381021
42.269464
42.404396
42.285687
42.268889
42.330785
42.376748
42.398277
42.388376
42.414137
42.380751
42.256636
42.383996
42.384164
42.376854
42.33962
42.384812
42.408463
42.39198
42.378079
42.310823
42.333447
42.342307
42.266665
42.268711
42.271213
42.362296
42.382417
42.30452
42.349088
42.342372
42.298841
42.348833
42.318857
42.320129
42.329711
42.329415
42.377953
42.403028
42.362403
42.363204
42.381561
42.383059
42.422078
42.291491
42.305232
42.42979
42.372787
42.291259
42.374909
42.397881
42.404405
42.403015
42.375327
42.323037
42.337683
42.318988
42.354799
42.336275
42.308221
42.358373
42.349941
42.319917
42.35691
42.325071
42.388311
42.308135
42.30143
42.334372
42.33935
42.336033
42.320476
42.287543
42.306792
42.324198
42.337751
42.308153
42.359692
42.320958
42.33649
42.30385
42.303903
42.29309
42.351836
42.378955
42.364883
42.324026
42.296692
42.324993
42.349337
42.284912
42.334985
42.369143
42.308627
42.29738
42.337429
42.383532
42.347667
42.338962
42.2677
42.369074
42.286792
42.296841
42.33774
42.338328
42.308283
42.315405
42.328472
42.320446
42.340756
42.379856
42.321318
42.293484
42.303354
42.303674
42.299903
42.359791
42.341241
42.411512
42.312193
42.379297
42.339279
42.361146
42.304797
42.274978
42.341158
42.363726
42.342634
42.320607
42.287137
42.31161
42.339546
42.360257
42.36233
42.302829
42.367242
42.319171
42.29963
42.312538
42.394387
42.316838
42.316038
42.319311
42.314158
42.314332
42.357102
42.345147
42.340133
42.281948
42.349602
42.381518
42.309063
42.383436
42.31667
42.328352
42.354221
42.339315
42.276132
42.347303
42.346899
42.310487
42.357377
42.343351
42.288245
42.35014
42.340269
42.307755
42.360547
42.367783
42.325589
42.350001
42.299285
42.36263
42.319625
42.321262
42.332279
42.307909
42.308237
42.351374
42.303588
42.381656
42.380531
42.297418
42.314004
42.316742
42.300545
42.312103
42.334563
42.366377
42.389428
42.343542
42.337196
42.333163
42.362687
42.336986
42.340764
42.304078
42.358455
42.336094
42.359439
42.30055
42.394516
42.319536
42.371006
42.369877
42.340744
42.291636
42.390359
42.32854
42.363942
42.37275
42.307079
42.340611
42.373999
42.358554
42.370996
42.323581
42.326092
42.319208
42.321756
42.303895
42.279818
42.305852
42.299163
42.295876
42.42409
42.310617
42.328295
42.359691
42.369906
42.332628
42.305119
42.312523
42.339965
42.357667
42.314638
42.282911
42.335323
42.317271
42.341696
42.313248
42.292001
42.322874
42.318293
42.313907
42.301564
42.360647
42.35899
42.376254
42.358384
42.369136
42.319591
42.319354
42.281825
42.318808
42.338368
42.325276
42.32008
42.342597
42.313867
42.34411
42.306143
42.344457
42.307833
42.363041
42.342068
42.305569
42.367812
42.302913
42.379117
42.303666
42.37908
42.315986
42.373456
42.345182
42.426721
42.30415
42.373674
42.33423
42.335968
42.364645
42.340829
42.310852
42.368544
42.318411
42.386489
42.309359
42.390485
42.345954
42.291167
42.381825
42.366312
42.361026
42.41406
42.335188
42.303819
42.357484
42.362547
42.359882
42.280979
42.373844
42.374351
42.386222
42.306012
42.337731
42.331476
42.339061
42.299531
42.325997
42.297268
42.36966
42.367104
42.338775
42.381898
42.320476
42.320142
42.276006
42.311301
42.276306
42.362114
42.30282
42.310924
42.316742
42.316739
42.37848
42.321564
42.354732
42.325416
42.411688
42.325061
42.325035
42.276052
42.304367
42.307709
42.350628
42.344006
42.370262
42.341271
42.295816
42.298188
42.350295
42.378218
42.304708
42.321246
42.301448
42.321647
42.308716
42.348463
42.355468
42.350447
42.290367
42.380147
42.350675
42.413254
42.318838
42.304702
42.294363
42.354949
42.306618
42.362296
42.280919
42.351836
42.301564
42.30143
42.327584
42.325856
42.376135
42.298126
42.298778
42.29917
42.298841
42.335322
42.332464
42.329383
42.34996
42.328567
42.305859
42.318362
42.329098
42.316994
42.336946
42.402316
42.327659
42.312638
42.353422
42.336481
42.386471
42.359531
42.337584
42.302983
42.30873
42.2994
42.328407
42.345359
42.340995
42.354922
42.324331
42.329653
42.354091
42.337803
42.32057
42.327396
42.318918
42.296422
42.306976
42.371642
42.347533
42.381216
42.372448
42.306994
42.340677
42.338609
42.338674
42.308584
42.291963
42.34021
42.358259
42.296796
42.341459
42.36002
42.286552
42.282832
42.334877
42.346903
42.334593
42.301492
42.288343
42.379286
42.380849
42.372088
42.337168
42.282794
42.387167
42.332741
42.37111
42.33191
42.316165
42.336948
42.343565
42.329236
42.326032
42.341862
42.307008
42.294509
42.342725
42.298925
42.344848
42.28538
42.282305
42.302148
42.295061
42.353961
42.319338
42.290774
42.354863
42.345215
42.327871
42.366923
42.320043
42.344268
42.370766
42.3798
42.290668
42.377326
42.355781
42.294528
42.360977
42.380122
42.330771
42.287351
42.386842
42.30452
42.295089
42.305772
42.295783
42.302712
42.294723
42.317389
42.274585
42.36373
42.297097
42.329067
42.333264
42.340247
42.298382
42.342999
42.378427
42.344915
42.349384
42.354017
42.358503
42.388875
42.401444
42.338619
42.370169
42.364225
42.349103
42.323706
42.409084
42.382811
42.406198
42.413902
42.415288
42.389021
42.376972
42.354569
42.427107
42.403257
42.430954
42.318437
42.321168
42.293874
42.354605
42.285859
42.349384
42.283449
42.354745
42.341256
42.370492
42.36144
42.340608
42.367883
42.285496
42.315101
42.352445
42.377042
42.339178
42.380756
42.366772
42.37685
42.315832
42.317204
42.300791
42.37712
42.352787
42.407616
42.347822
42.409584
42.409809
42.372811
42.375699
42.371427
42.418711
42.354338
42.296526
42.374592
42.309754
42.358457
42.395772
42.425276
42.42415
42.358727
42.298396
42.359834
42.354828
42.403218
42.308375
42.334639
42.342689
42.306563
42.309961
42.340938
42.31819
42.33838
42.33576
42.354854
42.300489
42.317074
42.313114
42.325321
42.30062
42.343467
42.309095
42.37523
42.303965
42.340981
42.341471
42.287408
42.302096
42.298294
42.344607
42.364645
42.327559
42.355513
42.334255
42.376826
42.268592
42.339343
42.386488
42.360112
42.313165
42.370248
42.292455
42.305435
42.275584
42.290441
42.291722
42.286716
42.285696
42.313599
42.315371
42.34228
42.334797
42.299791
42.332565
42.293773
42.290656
42.305531
42.26298
42.339204
42.339381
42.339432
42.343654
42.312752
42.322849
42.301032
42.355747
42.346839
42.353793
42.3498
42.30387
42.316776
42.27097
42.334302
42.30986
42.367035
42.320441
42.377942
42.312882
42.359516
42.366181
42.333674
42.30452
42.30452
42.305435
42.30452
42.30452
42.349088
42.341935
42.334842
42.350782
42.349384
42.30452
42.30452
42.338279
42.307919
42.316988
42.302486
42.30143
42.331157
42.346321
42.349308
42.350152
42.340878
42.343234
42.354005
42.335812
42.309087
42.309638
42.267508
42.374447
42.318481
42.33398
42.316988
42.341773
42.359147
42.335685
42.396934
42.37654
42.375443
42.323516
42.380888
42.401205
42.390257
42.402885
42.379768
42.381724
42.304494
42.384065
42.350606
42.41351
42.354306
42.378915
42.378789
42.30151
42.419233
42.312462
42.297572
42.299971
42.313766
42.38486
42.294114
42.430417
42.294109
42.289428
42.274403
42.29904
42.299159
42.356162
42.308757
42.309716
42.310142
42.316247
42.29798
42.308168
42.305196
42.296084
42.313507
42.287329
42.28239
42.282097
42.320149
42.308351
42.290882
42.308034
42.303376
42.315311
42.398119
42.409251
42.373312
42.377316
42.346822
42.294208
42.317543
42.301689
42.338991
42.310754
42.373336
42.391277
42.40321
42.318156
42.30059
42.335956
42.345153
42.338457
42.332492
42.298872
42.386071
42.399599
42.311778
42.361114
42.295674
42.340306
42.39269
42.31412
42.362658
42.308441
42.302857
42.308578
42.330279
42.345178
42.341456
42.30999
42.379712
42.357287
42.369932
42.330534
42.362031
42.298418
42.303965
42.347863
42.3127
42.315201
42.298003
42.315598
42.293232
42.343234
42.378962
42.323209
42.321317
42.304038
42.313756
42.340794
42.349088
42.327904
42.420838
42.30306
42.339513
42.311056
42.323918
42.325416
42.347021
42.292141
42.373753
42.316236
42.34715
42.381758
42.396965
42.400369
42.362177
42.410968
42.323078
42.343573
42.343241
42.30907
42.323398
42.353166
42.307389
42.281707
42.339592
42.298444
42.330983
42.310192
42.302941
42.368941
42.344824
42.293483
42.337572
42.309662
42.373304
42.325592
42.322689
42.320488
42.287066
42.336602
42.311026
42.339189
42.318519
42.308812
42.305877
42.280387
42.362863
42.315835
42.299151
42.373385
42.29323
42.337688
42.430416
42.335299
42.308441
42.339808
42.319352
42.329458
42.344326
42.298425
42.321246
42.379799
42.364169
42.331748
42.308969
42.322427
42.305842
42.335185
42.341077
42.320953
42.281516
42.410968
42.311105
42.340974
42.342992
42.339912
42.32344
42.376385
42.35853
42.394597
42.336986
42.322428
42.360519
42.374812
42.323794
42.342081
42.341374
42.326804
42.306286
42.367616
42.309135
42.316565
42.299821
42.375505
42.309724
42.349044
42.295946
42.30768
42.343801
42.324369
42.313377
42.312373
42.337796
42.339708
42.317268
42.311187
42.333289
42.351566
42.335088
42.286863
42.299923
42.352135
42.319497
42.303873
42.403093
42.347533
42.322501
42.323323
42.309848
42.402075
42.367994
42.326623
42.326157
42.317264
42.37495
42.336291
42.33491
42.375027
42.261004
42.338799
42.344777
42.266194
42.364097
42.338958
42.287791
42.360074
42.294214
42.358172
42.380886
42.3328
42.320736
42.355692
42.325097
42.341445
42.335971
42.284434
42.365649
42.371231
42.321815
42.335959
42.328057
42.374296
42.304642
42.329944
42.296378
42.338874
42.347741
42.304213
42.283138
42.318836
42.325294
42.334792
42.343305
42.397884
42.344251
42.393547
42.389219
42.314256
42.330266
42.376581
42.364811
42.306312
42.332428
42.354469
42.29722
42.314881
42.321566
42.320099
42.303404
42.424412
42.344596
42.343376
42.363164
42.280535
42.321843
42.381279
42.335426
42.339464
42.317049
42.337276
42.30143
42.335855
42.350628
42.350597
42.360747
42.339317
42.388244
42.339718
42.411829
42.3633
42.320809
42.364611
42.360602
42.379417
42.360432
42.305531
42.324838
42.336633
42.338928
42.336665
42.33357
42.360659
42.326508
42.333846
42.329288
42.337708
42.340631
42.319779
42.303369
42.359882
42.275664
42.365465
42.322711
42.289065
42.337976
42.311984
42.277069
42.310124
42.308579
42.321341
42.333138
42.337953
42.322621
42.328148
42.286823
42.347477
42.303012
42.314281
42.363954
42.357525
42.371289
42.258221
42.355114
42.338027
42.401793
42.375153
42.370962
42.323307
42.287146
42.346123
42.311482
42.322757
42.358554
42.288032
42.417598
42.355941
42.351493
42.372151
42.374201
42.287303
42.316971
42.334462
42.333329
42.308579
42.305074
42.318985
42.331184
42.42624
42.278759
42.343167
42.311721
42.310842
42.352564
42.36812
42.361311
42.308543
42.342421
42.332178
42.356062
42.372641
42.282073
42.33762
42.357068
42.328275
42.316319
42.359321
42.340486
42.333911
42.3485
42.295647
42.351532
42.338666
42.374656
42.324188
42.334182
42.312978
42.324295
42.332194
42.340035
42.322053
42.422647
42.352148
42.342236
42.293437
42.343925
42.329783
42.316727
42.323034
42.390947
42.35152
42.301325
42.322892
42.317719
42.299944
42.387861
42.335167
42.324997
42.348809
42.295921
42.302794
42.335515
42.325363
42.308202
42.292827
42.316606
42.330331
42.303186
42.320704
42.427761
42.333826
42.333926
42.355644
42.306113
42.304052
42.403517
42.401385
42.3071
42.315948
42.317341
42.295323
42.31564
42.319546
42.359593
42.358238
42.370488
42.367697
42.371419
42.319042
